{
  "stats": {
    "suites": 2,
    "tests": 27,
    "passes": 27,
    "pending": 0,
    "failures": 0,
    "start": "2022-07-17T20:14:05.082Z",
    "end": "2022-07-17T20:14:07.884Z",
    "duration": 2802,
    "testsRegistered": 27,
    "passPercent": 100,
    "pendingPercent": 0,
    "other": 0,
    "hasOther": false,
    "skipped": 0,
    "hasSkipped": false
  },
  "results": [
    {
      "uuid": "8eb8c9b6-c786-4f87-aaae-6ce2058b4757",
      "title": "",
      "fullFile": "",
      "file": "",
      "beforeHooks": [],
      "afterHooks": [],
      "tests": [],
      "suites": [
        {
          "uuid": "f464402d-7a61-4d8b-9122-633e1d661cf8",
          "title": "Reveal.me Conversation API Tests",
          "fullFile": "D:\\5. Semester\\FWE\\Reveal.Me\\reveal.me\\Backend\\reveal.me\\test\\conversationTest.spec.ts",
          "file": "\\test\\conversationTest.spec.ts",
          "beforeHooks": [
            {
              "title": "\"before all\" hook in \"Reveal.me Conversation API Tests\"",
              "fullTitle": "Reveal.me Conversation API Tests \"before all\" hook in \"Reveal.me Conversation API Tests\"",
              "timedOut": false,
              "duration": 300,
              "state": null,
              "speed": null,
              "pass": false,
              "fail": false,
              "pending": false,
              "context": null,
              "code": "(0, supertest_1.default)(baseurl)\n    .post('/auth/register')\n    .send(register_json_1.successfulRegister)\n    .set('Accept', 'application/json')\n    .set('Content-Type', 'application/json')\n    .end(function (err, res) {\n    expect(res.statusCode).to.be.equal(201);\n    expect(res.body.userId).not.to.be.null;\n    if (err) {\n        throw err;\n    }\n    done();\n});",
              "err": {},
              "uuid": "c297e7eb-3a50-4f46-a910-e7a56f3507fa",
              "parentUUID": "f464402d-7a61-4d8b-9122-633e1d661cf8",
              "isHook": true,
              "skipped": false
            },
            {
              "title": "\"before all\" hook in \"Reveal.me Conversation API Tests\"",
              "fullTitle": "Reveal.me Conversation API Tests \"before all\" hook in \"Reveal.me Conversation API Tests\"",
              "timedOut": false,
              "duration": 83,
              "state": null,
              "speed": null,
              "pass": false,
              "fail": false,
              "pending": false,
              "context": null,
              "code": "(0, supertest_1.default)(baseurl)\n    .post('/auth/register')\n    .send(register_json_1.anotherUser)\n    .set('Accept', 'application/json')\n    .set('Content-Type', 'application/json')\n    .end(function (err, res) {\n    expect(res.statusCode).to.be.equal(201);\n    expect(res.body.userId).not.to.be.null;\n    if (err) {\n        throw err;\n    }\n    done();\n});",
              "err": {},
              "uuid": "6b990ab5-acd3-4eb4-a16b-e7ffd0e33531",
              "parentUUID": "f464402d-7a61-4d8b-9122-633e1d661cf8",
              "isHook": true,
              "skipped": false
            },
            {
              "title": "\"before all\" hook in \"Reveal.me Conversation API Tests\"",
              "fullTitle": "Reveal.me Conversation API Tests \"before all\" hook in \"Reveal.me Conversation API Tests\"",
              "timedOut": false,
              "duration": 86,
              "state": null,
              "speed": null,
              "pass": false,
              "fail": false,
              "pending": false,
              "context": null,
              "code": "(0, supertest_1.default)(baseurl)\n    .post('/auth/login')\n    .send(login_json_1.correctCredential)\n    .set('Accept', 'application/json')\n    .set('Content-Type', 'application/json')\n    .end(function (err, res) {\n    expect(res.statusCode).to.be.equal(201);\n    expect(res.body.token).not.to.be.null;\n    token = res.body.token;\n    userId = res.body.userId;\n    if (err) {\n        throw err;\n    }\n    done();\n});",
              "err": {},
              "uuid": "269b148a-f307-4706-b439-c1c181c24f9c",
              "parentUUID": "f464402d-7a61-4d8b-9122-633e1d661cf8",
              "isHook": true,
              "skipped": false
            },
            {
              "title": "\"before all\" hook in \"Reveal.me Conversation API Tests\"",
              "fullTitle": "Reveal.me Conversation API Tests \"before all\" hook in \"Reveal.me Conversation API Tests\"",
              "timedOut": false,
              "duration": 79,
              "state": null,
              "speed": null,
              "pass": false,
              "fail": false,
              "pending": false,
              "context": null,
              "code": "(0, supertest_1.default)(baseurl)\n    .post('/auth/login')\n    .send(login_json_1.anotherUserCredential)\n    .set('Accept', 'application/json')\n    .set('Content-Type', 'application/json')\n    .end(function (err, res) {\n    expect(res.statusCode).to.be.equal(201);\n    expect(res.body.token).not.to.be.null;\n    anotherUserId = res.body.userId;\n    if (err) {\n        throw err;\n    }\n    done();\n});",
              "err": {},
              "uuid": "6b4bc615-aaf9-43c6-9da2-d93d57e5340f",
              "parentUUID": "f464402d-7a61-4d8b-9122-633e1d661cf8",
              "isHook": true,
              "skipped": false
            },
            {
              "title": "\"before all\" hook in \"Reveal.me Conversation API Tests\"",
              "fullTitle": "Reveal.me Conversation API Tests \"before all\" hook in \"Reveal.me Conversation API Tests\"",
              "timedOut": false,
              "duration": 65,
              "state": null,
              "speed": null,
              "pass": false,
              "fail": false,
              "pending": false,
              "context": null,
              "code": "(0, supertest_1.default)(baseurl)\n    .put('/user/profile/body/' + email)\n    .send(updateData_json_1.fullBodyData)\n    .set('Accept', 'application/json')\n    .set('Content-Type', 'application/json')\n    .set(\"Authorization\", \"Bearer \" + token)\n    .end(function (err, res) {\n    expect(res.statusCode).to.be.equal(200);\n    expect(res.body.userDetail.gender).to.be.equal(updateData_json_1.fullBodyData.gender);\n    expect(res.body.userDetail.gender_interest).to.have.members(updateData_json_1.fullBodyData.gender_interest);\n    expect(res.body.userDetail.age).to.be.equal(updateData_json_1.fullBodyData.age);\n    expect(res.body.userDetail.profile_picture).to.be.equal(updateData_json_1.fullBodyData.profile_picture);\n    expect(res.body.userDetail.dob_date).to.be.equal(updateData_json_1.fullBodyData.dob_date);\n    expect(res.body.userDetail.dob_month).to.be.equal(updateData_json_1.fullBodyData.dob_month);\n    expect(res.body.userDetail.dob_year).to.be.equal(updateData_json_1.fullBodyData.dob_year);\n    expect(res.body.userDetail.height).to.be.equal(updateData_json_1.fullBodyData.height);\n    expect(res.body.userDetail.nationality).to.be.equal(updateData_json_1.fullBodyData.nationality);\n    expect(res.body.userDetail.occupation).to.be.equal(updateData_json_1.fullBodyData.occupation);\n    expect(res.body.userDetail.hobbies).to.have.members(updateData_json_1.fullBodyData.hobbies);\n    expect(res.body.userDetail.languages).to.have.members(updateData_json_1.fullBodyData.languages);\n    if (err) {\n        throw err;\n    }\n    done();\n});",
              "err": {},
              "uuid": "a62ab45c-0db9-44de-a2ea-56c1e0326c80",
              "parentUUID": "f464402d-7a61-4d8b-9122-633e1d661cf8",
              "isHook": true,
              "skipped": false
            }
          ],
          "afterHooks": [
            {
              "title": "\"after all\" hook in \"Reveal.me Conversation API Tests\"",
              "fullTitle": "Reveal.me Conversation API Tests \"after all\" hook in \"Reveal.me Conversation API Tests\"",
              "timedOut": false,
              "duration": 15,
              "state": null,
              "speed": null,
              "pass": false,
              "fail": false,
              "pending": false,
              "context": null,
              "code": "(0, supertest_1.default)(baseurl)\n    .delete(\"/user/\" + userId)\n    .set(({ \"Authorization\": `Bearer ${token}` }))\n    .end(function (err, res) {\n    expect(res.statusCode).to.be.equal(201);\n    if (err) {\n        throw err;\n    }\n    done();\n});",
              "err": {},
              "uuid": "a59916ec-d183-443e-934a-cd0b7d3e6178",
              "parentUUID": "f464402d-7a61-4d8b-9122-633e1d661cf8",
              "isHook": true,
              "skipped": false
            },
            {
              "title": "\"after all\" hook in \"Reveal.me Conversation API Tests\"",
              "fullTitle": "Reveal.me Conversation API Tests \"after all\" hook in \"Reveal.me Conversation API Tests\"",
              "timedOut": false,
              "duration": 22,
              "state": null,
              "speed": null,
              "pass": false,
              "fail": false,
              "pending": false,
              "context": null,
              "code": "(0, supertest_1.default)(baseurl)\n    .delete(\"/user/\" + anotherUserId)\n    .set(({ \"Authorization\": `Bearer ${token}` }))\n    .end(function (err, res) {\n    expect(res.statusCode).to.be.equal(201);\n    if (err) {\n        throw err;\n    }\n    done();\n});",
              "err": {},
              "uuid": "de67d3b4-1960-44fe-9085-345adeb83c93",
              "parentUUID": "f464402d-7a61-4d8b-9122-633e1d661cf8",
              "isHook": true,
              "skipped": false
            },
            {
              "title": "\"after all\" hook in \"Reveal.me Conversation API Tests\"",
              "fullTitle": "Reveal.me Conversation API Tests \"after all\" hook in \"Reveal.me Conversation API Tests\"",
              "timedOut": false,
              "duration": 35,
              "state": null,
              "speed": null,
              "pass": false,
              "fail": false,
              "pending": false,
              "context": null,
              "code": "(0, supertest_1.default)(baseurl)\n    .delete(`/conversation/remove/${conversationId}`)\n    .set(({ \"Authorization\": `Bearer ${token}` }))\n    .end(function (err, res) {\n    expect(res.statusCode).to.be.equal(200);\n    if (err) {\n        throw err;\n    }\n    done();\n});",
              "err": {},
              "uuid": "ff46dfb8-6d2b-43fe-8bea-b1b6103b4872",
              "parentUUID": "f464402d-7a61-4d8b-9122-633e1d661cf8",
              "isHook": true,
              "skipped": false
            }
          ],
          "tests": [
            {
              "title": "should successfully create a conversation when both swipe right",
              "fullTitle": "Reveal.me Conversation API Tests should successfully create a conversation when both swipe right",
              "timedOut": false,
              "duration": 22,
              "state": "passed",
              "speed": "fast",
              "pass": true,
              "fail": false,
              "pending": false,
              "context": null,
              "code": "(0, supertest_1.default)(baseurl)\n    .post(`/conversation/message/${userId}/${anotherUserId}`)\n    .set(\"Authorization\", \"Bearer \" + token)\n    .end(function (err, res) {\n    expect(res.statusCode).to.be.equal(201);\n    expect(res.body.members).to.have.members([userId, anotherUserId]);\n    conversationId = res.body._id;\n    if (err) {\n        throw err;\n    }\n    done();\n});",
              "err": {},
              "uuid": "da6dd04a-f7e1-4102-a364-30d805a15595",
              "parentUUID": "f464402d-7a61-4d8b-9122-633e1d661cf8",
              "isHook": false,
              "skipped": false
            },
            {
              "title": "should successfully get the picture",
              "fullTitle": "Reveal.me Conversation API Tests should successfully get the picture",
              "timedOut": false,
              "duration": 140,
              "state": "passed",
              "speed": "slow",
              "pass": true,
              "fail": false,
              "pending": false,
              "context": null,
              "code": "(0, supertest_1.default)(baseurl)\n    .get(`/conversation/user/picture/${conversationId}/${userId}`)\n    .set(\"Authorization\", \"Bearer \" + token)\n    .end(function (err, res) {\n    expect(res.statusCode).to.be.equal(200);\n    if (err) {\n        throw err;\n    }\n    done();\n});",
              "err": {},
              "uuid": "40c1e17e-0198-4333-bf1b-039bedd49253",
              "parentUUID": "f464402d-7a61-4d8b-9122-633e1d661cf8",
              "isHook": false,
              "skipped": false
            },
            {
              "title": "should successfully getting all conversation",
              "fullTitle": "Reveal.me Conversation API Tests should successfully getting all conversation",
              "timedOut": false,
              "duration": 16,
              "state": "passed",
              "speed": "fast",
              "pass": true,
              "fail": false,
              "pending": false,
              "context": null,
              "code": "(0, supertest_1.default)(baseurl)\n    .get(`/allconversation`)\n    .set(\"Authorization\", \"Bearer \" + token)\n    .end(function (err, res) {\n    expect(res.statusCode).to.be.equal(200);\n    if (err) {\n        throw err;\n    }\n    done();\n});",
              "err": {},
              "uuid": "57d505dc-0fe0-4190-9ae4-63f5116674e3",
              "parentUUID": "f464402d-7a61-4d8b-9122-633e1d661cf8",
              "isHook": false,
              "skipped": false
            },
            {
              "title": "should successfully getting all conversation from one user",
              "fullTitle": "Reveal.me Conversation API Tests should successfully getting all conversation from one user",
              "timedOut": false,
              "duration": 12,
              "state": "passed",
              "speed": "fast",
              "pass": true,
              "fail": false,
              "pending": false,
              "context": null,
              "code": "(0, supertest_1.default)(baseurl)\n    .get(`/allconversation/${userId}`)\n    .set(\"Authorization\", \"Bearer \" + token)\n    .end(function (err, res) {\n    expect(res.statusCode).to.be.equal(200);\n    if (err) {\n        throw err;\n    }\n    done();\n});",
              "err": {},
              "uuid": "0ed308ca-bc91-49ec-8e57-ba381ac8ac2f",
              "parentUUID": "f464402d-7a61-4d8b-9122-633e1d661cf8",
              "isHook": false,
              "skipped": false
            },
            {
              "title": "should successfully create a message",
              "fullTitle": "Reveal.me Conversation API Tests should successfully create a message",
              "timedOut": false,
              "duration": 20,
              "state": "passed",
              "speed": "fast",
              "pass": true,
              "fail": false,
              "pending": false,
              "context": null,
              "code": "let message = { userId: userId, message: \"testing\" };\n(0, supertest_1.default)(baseurl)\n    .post(`/message/${conversationId}`)\n    .send(message)\n    .set(\"Authorization\", \"Bearer \" + token)\n    .set('Accept', 'application/json')\n    .set('Content-Type', 'application/json')\n    .end(function (err, res) {\n    expect(res.statusCode).to.be.equal(201);\n    expect(res.body.sender).to.be.equal(userId);\n    expect(res.body.message).to.be.equal(message.message);\n    if (err) {\n        throw err;\n    }\n    done();\n});",
              "err": {},
              "uuid": "2c774804-2dd5-49ad-b68b-5a3aeaa62e1a",
              "parentUUID": "f464402d-7a61-4d8b-9122-633e1d661cf8",
              "isHook": false,
              "skipped": false
            },
            {
              "title": "should successfully getting the total of all messages from a conversation",
              "fullTitle": "Reveal.me Conversation API Tests should successfully getting the total of all messages from a conversation",
              "timedOut": false,
              "duration": 40,
              "state": "passed",
              "speed": "medium",
              "pass": true,
              "fail": false,
              "pending": false,
              "context": null,
              "code": "(0, supertest_1.default)(baseurl)\n    .get(`/message/total/${conversationId}`)\n    .set(\"Authorization\", \"Bearer \" + token)\n    .end(function (err, res) {\n    expect(res.statusCode).to.be.equal(200);\n    expect(res.body).to.have.members([1, 0]);\n    if (err) {\n        throw err;\n    }\n    done();\n});",
              "err": {},
              "uuid": "772579d7-3123-40f2-a4ad-1c4f23a4e71f",
              "parentUUID": "f464402d-7a61-4d8b-9122-633e1d661cf8",
              "isHook": false,
              "skipped": false
            },
            {
              "title": "should successfully getting all messages from a conversation",
              "fullTitle": "Reveal.me Conversation API Tests should successfully getting all messages from a conversation",
              "timedOut": false,
              "duration": 12,
              "state": "passed",
              "speed": "fast",
              "pass": true,
              "fail": false,
              "pending": false,
              "context": null,
              "code": "(0, supertest_1.default)(baseurl)\n    .get(`/message/all/${conversationId}`)\n    .set(\"Authorization\", \"Bearer \" + token)\n    .end(function (err, res) {\n    expect(res.statusCode).to.be.equal(200);\n    if (err) {\n        throw err;\n    }\n    done();\n});",
              "err": {},
              "uuid": "ba3627bf-d134-4ef2-8661-0a82095a9712",
              "parentUUID": "f464402d-7a61-4d8b-9122-633e1d661cf8",
              "isHook": false,
              "skipped": false
            }
          ],
          "suites": [],
          "passes": [
            "da6dd04a-f7e1-4102-a364-30d805a15595",
            "40c1e17e-0198-4333-bf1b-039bedd49253",
            "57d505dc-0fe0-4190-9ae4-63f5116674e3",
            "0ed308ca-bc91-49ec-8e57-ba381ac8ac2f",
            "2c774804-2dd5-49ad-b68b-5a3aeaa62e1a",
            "772579d7-3123-40f2-a4ad-1c4f23a4e71f",
            "ba3627bf-d134-4ef2-8661-0a82095a9712"
          ],
          "failures": [],
          "pending": [],
          "skipped": [],
          "duration": 262,
          "root": false,
          "rootEmpty": false,
          "_timeout": 10000
        },
        {
          "uuid": "1557fcd1-7abd-4e18-b793-cd6232ee6e8a",
          "title": "Reveal.me user API Tests",
          "fullFile": "D:\\5. Semester\\FWE\\Reveal.Me\\reveal.me\\Backend\\reveal.me\\test\\userTest.spec.ts",
          "file": "\\test\\userTest.spec.ts",
          "beforeHooks": [],
          "afterHooks": [
            {
              "title": "\"after all\" hook in \"Reveal.me user API Tests\"",
              "fullTitle": "Reveal.me user API Tests \"after all\" hook in \"Reveal.me user API Tests\"",
              "timedOut": false,
              "duration": 15,
              "state": null,
              "speed": null,
              "pass": false,
              "fail": false,
              "pending": false,
              "context": null,
              "code": "(0, supertest_1.default)(baseurl)\n    .delete(\"/user/\" + userId)\n    .set(({ \"Authorization\": `Bearer ${token}` }))\n    .end(function (err, res) {\n    expect(res.statusCode).to.be.equal(201);\n    if (err) {\n        throw err;\n    }\n    done();\n});",
              "err": {},
              "uuid": "0ab04797-a4a0-48d6-9167-05ae92882d40",
              "parentUUID": "1557fcd1-7abd-4e18-b793-cd6232ee6e8a",
              "isHook": true,
              "skipped": false
            },
            {
              "title": "\"after all\" hook in \"Reveal.me user API Tests\"",
              "fullTitle": "Reveal.me user API Tests \"after all\" hook in \"Reveal.me user API Tests\"",
              "timedOut": false,
              "duration": 13,
              "state": null,
              "speed": null,
              "pass": false,
              "fail": false,
              "pending": false,
              "context": null,
              "code": "(0, supertest_1.default)(baseurl)\n    .delete(\"/user/\" + anotherUserId)\n    .set(({ \"Authorization\": `Bearer ${token}` }))\n    .end(function (err, res) {\n    expect(res.statusCode).to.be.equal(201);\n    if (err) {\n        throw err;\n    }\n    done();\n});",
              "err": {},
              "uuid": "c48189f0-1986-4253-866b-64c336041d60",
              "parentUUID": "1557fcd1-7abd-4e18-b793-cd6232ee6e8a",
              "isHook": true,
              "skipped": false
            }
          ],
          "tests": [
            {
              "title": "should successfully create a user",
              "fullTitle": "Reveal.me user API Tests should successfully create a user",
              "timedOut": false,
              "duration": 97,
              "state": "passed",
              "speed": "slow",
              "pass": true,
              "fail": false,
              "pending": false,
              "context": null,
              "code": "(0, supertest_1.default)(baseurl)\n    .post('/auth/register')\n    .send(register_json_1.successfulRegister)\n    .set('Accept', 'application/json')\n    .set('Content-Type', 'application/json')\n    .end(function (err, res) {\n    expect(res.statusCode).to.be.equal(201);\n    expect(res.body.userId).not.to.be.null;\n    userId = res.body.userId;\n    if (err) {\n        throw err;\n    }\n    done();\n});",
              "err": {},
              "uuid": "e76b793c-2bc8-4949-94ab-86eedb347876",
              "parentUUID": "1557fcd1-7abd-4e18-b793-cd6232ee6e8a",
              "isHook": false,
              "skipped": false
            },
            {
              "title": "should fail creating the same user twice",
              "fullTitle": "Reveal.me user API Tests should fail creating the same user twice",
              "timedOut": false,
              "duration": 71,
              "state": "passed",
              "speed": "medium",
              "pass": true,
              "fail": false,
              "pending": false,
              "context": null,
              "code": "(0, supertest_1.default)(baseurl)\n    .post('/auth/register')\n    .send(register_json_1.successfulRegister)\n    .set('Accept', 'application/json')\n    .set('Content-Type', 'application/json')\n    .end(function (err, res) {\n    expect(res.statusCode).to.be.equal(405);\n    if (err) {\n        throw err;\n    }\n    done();\n});",
              "err": {},
              "uuid": "e7dad9c7-b3f3-4919-8f07-9b644b991e23",
              "parentUUID": "1557fcd1-7abd-4e18-b793-cd6232ee6e8a",
              "isHook": false,
              "skipped": false
            },
            {
              "title": "should fail because password is too short",
              "fullTitle": "Reveal.me user API Tests should fail because password is too short",
              "timedOut": false,
              "duration": 5,
              "state": "passed",
              "speed": "fast",
              "pass": true,
              "fail": false,
              "pending": false,
              "context": null,
              "code": "(0, supertest_1.default)(baseurl)\n    .post('/auth/register')\n    .send(register_json_1.failRegister)\n    .set('Accept', 'application/json')\n    .set('Content-Type', 'application/json')\n    .end(function (err, res) {\n    expect(res.statusCode).to.be.equal(409);\n    if (err) {\n        throw err;\n    }\n    done();\n});",
              "err": {},
              "uuid": "aa88cdcf-0906-4932-9a01-0924c1d84919",
              "parentUUID": "1557fcd1-7abd-4e18-b793-cd6232ee6e8a",
              "isHook": false,
              "skipped": false
            },
            {
              "title": "should successfully logging in",
              "fullTitle": "Reveal.me user API Tests should successfully logging in",
              "timedOut": false,
              "duration": 80,
              "state": "passed",
              "speed": "slow",
              "pass": true,
              "fail": false,
              "pending": false,
              "context": null,
              "code": "(0, supertest_1.default)(baseurl)\n    .post('/auth/login')\n    .send(login_json_1.correctCredential)\n    .set('Accept', 'application/json')\n    .set('Content-Type', 'application/json')\n    .end(function (err, res) {\n    expect(res.statusCode).to.be.equal(201);\n    expect(res.body.token).not.to.be.null;\n    token = res.body.token;\n    if (err) {\n        throw err;\n    }\n    done();\n});",
              "err": {},
              "uuid": "195ee543-6808-4320-9e91-99649449a5f6",
              "parentUUID": "1557fcd1-7abd-4e18-b793-cd6232ee6e8a",
              "isHook": false,
              "skipped": false
            },
            {
              "title": "should fail logging in false credential",
              "fullTitle": "Reveal.me user API Tests should fail logging in false credential",
              "timedOut": false,
              "duration": 75,
              "state": "passed",
              "speed": "medium",
              "pass": true,
              "fail": false,
              "pending": false,
              "context": null,
              "code": "(0, supertest_1.default)(baseurl)\n    .post('/auth/login')\n    .send(login_json_1.falseCredential)\n    .set('Accept', 'application/json')\n    .set('Content-Type', 'application/json')\n    .end(function (err, res) {\n    expect(res.statusCode).to.be.equal(400);\n    if (err) {\n        throw err;\n    }\n    done();\n});",
              "err": {},
              "uuid": "3354fd88-da7d-4dea-b79a-3041c1e8089a",
              "parentUUID": "1557fcd1-7abd-4e18-b793-cd6232ee6e8a",
              "isHook": false,
              "skipped": false
            },
            {
              "title": "should successfully reset password",
              "fullTitle": "Reveal.me user API Tests should successfully reset password",
              "timedOut": false,
              "duration": 87,
              "state": "passed",
              "speed": "slow",
              "pass": true,
              "fail": false,
              "pending": false,
              "context": null,
              "code": "(0, supertest_1.default)(baseurl)\n    .post('/auth/login/forgetpassword')\n    .send(forgetPassword_json_1.correctConfirmPassword)\n    .set('Accept', 'application/json')\n    .set('Content-Type', 'application/json')\n    .end(function (err, res) {\n    expect(res.statusCode).to.be.equal(201);\n    if (err) {\n        throw err;\n    }\n    done();\n});",
              "err": {},
              "uuid": "ee6cbb2d-06b0-41cc-968e-7e214795f811",
              "parentUUID": "1557fcd1-7abd-4e18-b793-cd6232ee6e8a",
              "isHook": false,
              "skipped": false
            },
            {
              "title": "should fail reset password because confirm password does not match",
              "fullTitle": "Reveal.me user API Tests should fail reset password because confirm password does not match",
              "timedOut": false,
              "duration": 13,
              "state": "passed",
              "speed": "fast",
              "pass": true,
              "fail": false,
              "pending": false,
              "context": null,
              "code": "(0, supertest_1.default)(baseurl)\n    .post('/auth/login/forgetpassword')\n    .send(forgetPassword_json_1.falseConfirmPassword)\n    .set('Accept', 'application/json')\n    .set('Content-Type', 'application/json')\n    .end(function (err, res) {\n    expect(res.statusCode).to.be.equal(400);\n    if (err) {\n        throw err;\n    }\n    done();\n});",
              "err": {},
              "uuid": "861d3709-0d66-4522-b761-17a366ad47b5",
              "parentUUID": "1557fcd1-7abd-4e18-b793-cd6232ee6e8a",
              "isHook": false,
              "skipped": false
            },
            {
              "title": "should fail reset password because new password is too short",
              "fullTitle": "Reveal.me user API Tests should fail reset password because new password is too short",
              "timedOut": false,
              "duration": 15,
              "state": "passed",
              "speed": "fast",
              "pass": true,
              "fail": false,
              "pending": false,
              "context": null,
              "code": "(0, supertest_1.default)(baseurl)\n    .post('/auth/login/forgetpassword')\n    .send(forgetPassword_json_1.passwordTooShort)\n    .set('Accept', 'application/json')\n    .set('Content-Type', 'application/json')\n    .end(function (err, res) {\n    expect(res.statusCode).to.be.equal(409);\n    if (err) {\n        throw err;\n    }\n    done();\n});",
              "err": {},
              "uuid": "3aabbeb9-bd95-45a8-815f-4e3faaf39468",
              "parentUUID": "1557fcd1-7abd-4e18-b793-cd6232ee6e8a",
              "isHook": false,
              "skipped": false
            },
            {
              "title": "should successfully update user",
              "fullTitle": "Reveal.me user API Tests should successfully update user",
              "timedOut": false,
              "duration": 25,
              "state": "passed",
              "speed": "fast",
              "pass": true,
              "fail": false,
              "pending": false,
              "context": null,
              "code": "(0, supertest_1.default)(baseurl)\n    .put('/user/profile/head/' + email)\n    .send(updateData_json_1.fullHeaderData)\n    .set('Accept', 'application/json')\n    .set('Content-Type', 'application/json')\n    .set(\"Authorization\", \"Bearer \" + token)\n    .end(function (err, res) {\n    expect(res.statusCode).to.be.equal(200);\n    expect(res.body.first_name).to.be.equal(updateData_json_1.fullHeaderData.first_name);\n    expect(res.body.last_name).to.be.equal(updateData_json_1.fullHeaderData.last_name);\n    if (err) {\n        throw err;\n    }\n    done();\n});",
              "err": {},
              "uuid": "795b326a-5319-47a0-bf9a-b170b919a10f",
              "parentUUID": "1557fcd1-7abd-4e18-b793-cd6232ee6e8a",
              "isHook": false,
              "skipped": false
            },
            {
              "title": "should successfully update user details",
              "fullTitle": "Reveal.me user API Tests should successfully update user details",
              "timedOut": false,
              "duration": 29,
              "state": "passed",
              "speed": "fast",
              "pass": true,
              "fail": false,
              "pending": false,
              "context": null,
              "code": "(0, supertest_1.default)(baseurl)\n    .put('/user/profile/body/' + email)\n    .send(updateData_json_1.fullBodyData)\n    .set('Accept', 'application/json')\n    .set('Content-Type', 'application/json')\n    .set(\"Authorization\", \"Bearer \" + token)\n    .end(function (err, res) {\n    expect(res.statusCode).to.be.equal(200);\n    expect(res.body.userDetail.gender).to.be.equal(updateData_json_1.fullBodyData.gender);\n    expect(res.body.userDetail.gender_interest).to.have.members(updateData_json_1.fullBodyData.gender_interest);\n    expect(res.body.userDetail.age).to.be.equal(updateData_json_1.fullBodyData.age);\n    expect(res.body.userDetail.profile_picture).to.be.equal(updateData_json_1.fullBodyData.profile_picture);\n    expect(res.body.userDetail.dob_date).to.be.equal(updateData_json_1.fullBodyData.dob_date);\n    expect(res.body.userDetail.dob_month).to.be.equal(updateData_json_1.fullBodyData.dob_month);\n    expect(res.body.userDetail.dob_year).to.be.equal(updateData_json_1.fullBodyData.dob_year);\n    expect(res.body.userDetail.height).to.be.equal(updateData_json_1.fullBodyData.height);\n    expect(res.body.userDetail.nationality).to.be.equal(updateData_json_1.fullBodyData.nationality);\n    expect(res.body.userDetail.occupation).to.be.equal(updateData_json_1.fullBodyData.occupation);\n    expect(res.body.userDetail.hobbies).to.have.members(updateData_json_1.fullBodyData.hobbies);\n    expect(res.body.userDetail.languages).to.have.members(updateData_json_1.fullBodyData.languages);\n    if (err) {\n        throw err;\n    }\n    done();\n});",
              "err": {},
              "uuid": "96479eaa-4971-46fd-813e-f43e6cb5c107",
              "parentUUID": "1557fcd1-7abd-4e18-b793-cd6232ee6e8a",
              "isHook": false,
              "skipped": false
            },
            {
              "title": "should successfully create another user",
              "fullTitle": "Reveal.me user API Tests should successfully create another user",
              "timedOut": false,
              "duration": 84,
              "state": "passed",
              "speed": "slow",
              "pass": true,
              "fail": false,
              "pending": false,
              "context": null,
              "code": "(0, supertest_1.default)(baseurl)\n    .post('/auth/register')\n    .send(register_json_1.anotherUser)\n    .set('Accept', 'application/json')\n    .set('Content-Type', 'application/json')\n    .end(function (err, res) {\n    expect(res.statusCode).to.be.equal(201);\n    expect(res.body.userId).not.to.be.null;\n    if (err) {\n        throw err;\n    }\n    done();\n});",
              "err": {},
              "uuid": "e3f71261-8bed-452b-9db4-bed50229ad2a",
              "parentUUID": "1557fcd1-7abd-4e18-b793-cd6232ee6e8a",
              "isHook": false,
              "skipped": false
            },
            {
              "title": "should successfully login to another user account",
              "fullTitle": "Reveal.me user API Tests should successfully login to another user account",
              "timedOut": false,
              "duration": 76,
              "state": "passed",
              "speed": "slow",
              "pass": true,
              "fail": false,
              "pending": false,
              "context": null,
              "code": "(0, supertest_1.default)(baseurl)\n    .post('/auth/login')\n    .send(login_json_1.anotherUserCredential)\n    .set('Accept', 'application/json')\n    .set('Content-Type', 'application/json')\n    .end(function (err, res) {\n    expect(res.statusCode).to.be.equal(201);\n    expect(res.body.token).not.to.be.null;\n    anotherUserId = res.body.userId;\n    if (err) {\n        throw err;\n    }\n    done();\n});",
              "err": {},
              "uuid": "747960b6-6ec2-47b9-bc25-3870c2032e65",
              "parentUUID": "1557fcd1-7abd-4e18-b793-cd6232ee6e8a",
              "isHook": false,
              "skipped": false
            },
            {
              "title": "should successfully update oneMatchUser",
              "fullTitle": "Reveal.me user API Tests should successfully update oneMatchUser",
              "timedOut": false,
              "duration": 32,
              "state": "passed",
              "speed": "fast",
              "pass": true,
              "fail": false,
              "pending": false,
              "context": null,
              "code": "(0, supertest_1.default)(baseurl)\n    .put(`/user/profile/id/${userId}/${anotherUserId}`)\n    .set(\"Authorization\", \"Bearer \" + token)\n    .end(function (err, res) {\n    expect(res.statusCode).to.be.equal(200);\n    expect(res.body.oneSideMatch).to.have.members([userId]);\n    if (err) {\n        throw err;\n    }\n    done();\n});",
              "err": {},
              "uuid": "5bd1d95f-9e8c-40a1-954d-14fb94c93c22",
              "parentUUID": "1557fcd1-7abd-4e18-b793-cd6232ee6e8a",
              "isHook": false,
              "skipped": false
            },
            {
              "title": "should successfully remove UserId from oneMatchUser",
              "fullTitle": "Reveal.me user API Tests should successfully remove UserId from oneMatchUser",
              "timedOut": false,
              "duration": 30,
              "state": "passed",
              "speed": "fast",
              "pass": true,
              "fail": false,
              "pending": false,
              "context": null,
              "code": "(0, supertest_1.default)(baseurl)\n    .put(`/user/profile/remove/id/${userId}/${anotherUserId}`)\n    .set(\"Authorization\", \"Bearer \" + token)\n    .end(function (err, res) {\n    expect(res.statusCode).to.be.equal(200);\n    expect(res.body.oneSideMatch).to.have.members([]);\n    if (err) {\n        throw err;\n    }\n    done();\n});",
              "err": {},
              "uuid": "16fd825a-0b17-47a9-a648-7e0a60b3f940",
              "parentUUID": "1557fcd1-7abd-4e18-b793-cd6232ee6e8a",
              "isHook": false,
              "skipped": false
            },
            {
              "title": "should successfully input anotherUserId in swipedLeftUser from UserId",
              "fullTitle": "Reveal.me user API Tests should successfully input anotherUserId in swipedLeftUser from UserId",
              "timedOut": false,
              "duration": 33,
              "state": "passed",
              "speed": "fast",
              "pass": true,
              "fail": false,
              "pending": false,
              "context": null,
              "code": "(0, supertest_1.default)(baseurl)\n    .put(`/user/profile/swipedleft/id/${userId}/${anotherUserId}`)\n    .set(\"Authorization\", \"Bearer \" + token)\n    .end(function (err, res) {\n    expect(res.statusCode).to.be.equal(200);\n    expect(res.body.swipedLeftUsers).to.have.members([anotherUserId]);\n    if (err) {\n        throw err;\n    }\n    done();\n});",
              "err": {},
              "uuid": "87d4e4ed-8a90-4149-b583-9db0632c64b7",
              "parentUUID": "1557fcd1-7abd-4e18-b793-cd6232ee6e8a",
              "isHook": false,
              "skipped": false
            },
            {
              "title": "should successfully remove anotherUserId in swipedLeftUser from UserId",
              "fullTitle": "Reveal.me user API Tests should successfully remove anotherUserId in swipedLeftUser from UserId",
              "timedOut": false,
              "duration": 37,
              "state": "passed",
              "speed": "fast",
              "pass": true,
              "fail": false,
              "pending": false,
              "context": null,
              "code": "(0, supertest_1.default)(baseurl)\n    .put(`/user/profile/swipedleft/remove/id/${userId}`)\n    .set(\"Authorization\", \"Bearer \" + token)\n    .end(function (err, res) {\n    expect(res.statusCode).to.be.equal(200);\n    expect(res.body).to.be.equal(anotherUserId);\n    if (err) {\n        throw err;\n    }\n    done();\n});",
              "err": {},
              "uuid": "73ef363b-a40d-4c2d-a3bf-af0b7ac2aca5",
              "parentUUID": "1557fcd1-7abd-4e18-b793-cd6232ee6e8a",
              "isHook": false,
              "skipped": false
            },
            {
              "title": "should successfully getting all user",
              "fullTitle": "Reveal.me user API Tests should successfully getting all user",
              "timedOut": false,
              "duration": 344,
              "state": "passed",
              "speed": "slow",
              "pass": true,
              "fail": false,
              "pending": false,
              "context": null,
              "code": "(0, supertest_1.default)(baseurl)\n    .get(`/alluser`)\n    .set(\"Authorization\", \"Bearer \" + token)\n    .end(function (err, res) {\n    expect(res.statusCode).to.be.equal(200);\n    if (err) {\n        throw err;\n    }\n    done();\n});",
              "err": {},
              "uuid": "da2a1c9f-284b-4677-944c-9d21e931cda6",
              "parentUUID": "1557fcd1-7abd-4e18-b793-cd6232ee6e8a",
              "isHook": false,
              "skipped": false
            },
            {
              "title": "should successfully getting a user",
              "fullTitle": "Reveal.me user API Tests should successfully getting a user",
              "timedOut": false,
              "duration": 11,
              "state": "passed",
              "speed": "fast",
              "pass": true,
              "fail": false,
              "pending": false,
              "context": null,
              "code": "(0, supertest_1.default)(baseurl)\n    .get(`/singleuser/id/${userId}`)\n    .send(updateData_json_1.fullHeaderData)\n    .send(updateData_json_1.fullBodyData)\n    .set(\"Authorization\", \"Bearer \" + token)\n    .end(function (err, res) {\n    expect(res.statusCode).to.be.equal(200);\n    expect(res.body.first_name).to.be.equal(updateData_json_1.fullHeaderData.first_name);\n    expect(res.body.last_name).to.be.equal(updateData_json_1.fullHeaderData.last_name);\n    expect(res.body.userDetail.gender).to.be.equal(updateData_json_1.fullBodyData.gender);\n    expect(res.body.userDetail.gender_interest).to.have.members(updateData_json_1.fullBodyData.gender_interest);\n    expect(res.body.userDetail.age).to.be.equal(updateData_json_1.fullBodyData.age);\n    expect(res.body.userDetail.profile_picture).to.be.equal(updateData_json_1.fullBodyData.profile_picture);\n    expect(res.body.userDetail.dob_date).to.be.equal(updateData_json_1.fullBodyData.dob_date);\n    expect(res.body.userDetail.dob_month).to.be.equal(updateData_json_1.fullBodyData.dob_month);\n    expect(res.body.userDetail.dob_year).to.be.equal(updateData_json_1.fullBodyData.dob_year);\n    expect(res.body.userDetail.height).to.be.equal(updateData_json_1.fullBodyData.height);\n    expect(res.body.userDetail.nationality).to.be.equal(updateData_json_1.fullBodyData.nationality);\n    expect(res.body.userDetail.occupation).to.be.equal(updateData_json_1.fullBodyData.occupation);\n    expect(res.body.userDetail.hobbies).to.have.members(updateData_json_1.fullBodyData.hobbies);\n    expect(res.body.userDetail.languages).to.have.members(updateData_json_1.fullBodyData.languages);\n    if (err) {\n        throw err;\n    }\n    done();\n});",
              "err": {},
              "uuid": "6a55cc20-0c59-4ed2-922c-f6621351581a",
              "parentUUID": "1557fcd1-7abd-4e18-b793-cd6232ee6e8a",
              "isHook": false,
              "skipped": false
            },
            {
              "title": "should successfully getting filteredUsers",
              "fullTitle": "Reveal.me user API Tests should successfully getting filteredUsers",
              "timedOut": false,
              "duration": 321,
              "state": "passed",
              "speed": "slow",
              "pass": true,
              "fail": false,
              "pending": false,
              "context": null,
              "code": "(0, supertest_1.default)(baseurl)\n    .get(`/filtereduser/id/${userId}`)\n    .set(\"Authorization\", \"Bearer \" + token)\n    .end(function (err, res) {\n    expect(res.statusCode).to.be.equal(200);\n    if (err) {\n        throw err;\n    }\n    done();\n});",
              "err": {},
              "uuid": "12eeb450-fa80-4d0d-a7dc-44a67120ee89",
              "parentUUID": "1557fcd1-7abd-4e18-b793-cd6232ee6e8a",
              "isHook": false,
              "skipped": false
            },
            {
              "title": "should successfully getting genderedUser",
              "fullTitle": "Reveal.me user API Tests should successfully getting genderedUser",
              "timedOut": false,
              "duration": 324,
              "state": "passed",
              "speed": "slow",
              "pass": true,
              "fail": false,
              "pending": false,
              "context": null,
              "code": "(0, supertest_1.default)(baseurl)\n    .get(`/gendereduser/id/${userId}`)\n    .set(\"Authorization\", \"Bearer \" + token)\n    .end(function (err, res) {\n    expect(res.statusCode).to.be.equal(200);\n    if (err) {\n        throw err;\n    }\n    done();\n});",
              "err": {},
              "uuid": "f9f9bcce-d160-4c3e-bc5b-b6ebbe86cbab",
              "parentUUID": "1557fcd1-7abd-4e18-b793-cd6232ee6e8a",
              "isHook": false,
              "skipped": false
            }
          ],
          "suites": [],
          "passes": [
            "e76b793c-2bc8-4949-94ab-86eedb347876",
            "e7dad9c7-b3f3-4919-8f07-9b644b991e23",
            "aa88cdcf-0906-4932-9a01-0924c1d84919",
            "195ee543-6808-4320-9e91-99649449a5f6",
            "3354fd88-da7d-4dea-b79a-3041c1e8089a",
            "ee6cbb2d-06b0-41cc-968e-7e214795f811",
            "861d3709-0d66-4522-b761-17a366ad47b5",
            "3aabbeb9-bd95-45a8-815f-4e3faaf39468",
            "795b326a-5319-47a0-bf9a-b170b919a10f",
            "96479eaa-4971-46fd-813e-f43e6cb5c107",
            "e3f71261-8bed-452b-9db4-bed50229ad2a",
            "747960b6-6ec2-47b9-bc25-3870c2032e65",
            "5bd1d95f-9e8c-40a1-954d-14fb94c93c22",
            "16fd825a-0b17-47a9-a648-7e0a60b3f940",
            "87d4e4ed-8a90-4149-b583-9db0632c64b7",
            "73ef363b-a40d-4c2d-a3bf-af0b7ac2aca5",
            "da2a1c9f-284b-4677-944c-9d21e931cda6",
            "6a55cc20-0c59-4ed2-922c-f6621351581a",
            "12eeb450-fa80-4d0d-a7dc-44a67120ee89",
            "f9f9bcce-d160-4c3e-bc5b-b6ebbe86cbab"
          ],
          "failures": [],
          "pending": [],
          "skipped": [],
          "duration": 1789,
          "root": false,
          "rootEmpty": false,
          "_timeout": 10000
        }
      ],
      "passes": [],
      "failures": [],
      "pending": [],
      "skipped": [],
      "duration": 0,
      "root": true,
      "rootEmpty": true,
      "_timeout": 10000
    }
  ],
  "meta": {
    "mocha": {
      "version": "10.0.0"
    },
    "mochawesome": {
      "options": {
        "quiet": false,
        "reportFilename": "mochawesome",
        "saveHtml": true,
        "saveJson": true,
        "consoleReporter": "spec",
        "useInlineDiffs": false,
        "code": true
      },
      "version": "7.1.3"
    },
    "marge": {
      "options": {
        "reportDir": "test-results"
      },
      "version": "6.2.0"
    }
  }
}