{
  "stats": {
    "suites": 2,
    "tests": 27,
    "passes": 27,
    "pending": 0,
    "failures": 0,
    "start": "2022-07-17T20:27:56.271Z",
    "end": "2022-07-17T20:28:10.030Z",
    "duration": 13759,
    "testsRegistered": 27,
    "passPercent": 100,
    "pendingPercent": 0,
    "other": 0,
    "hasOther": false,
    "skipped": 0,
    "hasSkipped": false
  },
  "results": [
    {
      "uuid": "72a7673f-8589-4058-bca6-53d7505c8ad0",
      "title": "",
      "fullFile": "",
      "file": "",
      "beforeHooks": [],
      "afterHooks": [],
      "tests": [],
      "suites": [
        {
          "uuid": "8074ff8e-670f-496f-a9d1-250c473a1b00",
          "title": "Reveal.me Conversation API Tests",
          "fullFile": "C:\\Users\\Ami Rahmi\\OneDrive\\Documents\\HDA\\5.Semester\\FWE\\project\\reveal.me\\Backend\\reveal.me\\test\\conversationTest.spec.ts",
          "file": "\\test\\conversationTest.spec.ts",
          "beforeHooks": [
            {
              "title": "\"before all\" hook in \"Reveal.me Conversation API Tests\"",
              "fullTitle": "Reveal.me Conversation API Tests \"before all\" hook in \"Reveal.me Conversation API Tests\"",
              "timedOut": false,
              "duration": 1708,
              "state": null,
              "speed": null,
              "pass": false,
              "fail": false,
              "pending": false,
              "context": null,
              "code": "(0, supertest_1.default)(baseurl)\n    .post('/auth/register')\n    .send(register_json_1.successfulRegister)\n    .set('Accept', 'application/json')\n    .set('Content-Type', 'application/json')\n    .end(function (err, res) {\n    expect(res.statusCode).to.be.equal(201);\n    expect(res.body.userId).not.to.be.null;\n    if (err) {\n        throw err;\n    }\n    done();\n});",
              "err": {},
              "uuid": "d7641e41-a30e-4912-bd6e-83a0206bdad4",
              "parentUUID": "8074ff8e-670f-496f-a9d1-250c473a1b00",
              "isHook": true,
              "skipped": false
            },
            {
              "title": "\"before all\" hook in \"Reveal.me Conversation API Tests\"",
              "fullTitle": "Reveal.me Conversation API Tests \"before all\" hook in \"Reveal.me Conversation API Tests\"",
              "timedOut": false,
              "duration": 256,
              "state": null,
              "speed": null,
              "pass": false,
              "fail": false,
              "pending": false,
              "context": null,
              "code": "(0, supertest_1.default)(baseurl)\n    .post('/auth/register')\n    .send(register_json_1.anotherUser)\n    .set('Accept', 'application/json')\n    .set('Content-Type', 'application/json')\n    .end(function (err, res) {\n    expect(res.statusCode).to.be.equal(201);\n    expect(res.body.userId).not.to.be.null;\n    if (err) {\n        throw err;\n    }\n    done();\n});",
              "err": {},
              "uuid": "a7bca1d7-144f-4208-bb7f-2c7bd1b127b5",
              "parentUUID": "8074ff8e-670f-496f-a9d1-250c473a1b00",
              "isHook": true,
              "skipped": false
            },
            {
              "title": "\"before all\" hook in \"Reveal.me Conversation API Tests\"",
              "fullTitle": "Reveal.me Conversation API Tests \"before all\" hook in \"Reveal.me Conversation API Tests\"",
              "timedOut": false,
              "duration": 271,
              "state": null,
              "speed": null,
              "pass": false,
              "fail": false,
              "pending": false,
              "context": null,
              "code": "(0, supertest_1.default)(baseurl)\n    .post('/auth/login')\n    .send(login_json_1.correctCredential)\n    .set('Accept', 'application/json')\n    .set('Content-Type', 'application/json')\n    .end(function (err, res) {\n    expect(res.statusCode).to.be.equal(201);\n    expect(res.body.token).not.to.be.null;\n    token = res.body.token;\n    userId = res.body.userId;\n    if (err) {\n        throw err;\n    }\n    done();\n});",
              "err": {},
              "uuid": "38656f9c-fd81-41e8-aa89-5537597dbeda",
              "parentUUID": "8074ff8e-670f-496f-a9d1-250c473a1b00",
              "isHook": true,
              "skipped": false
            },
            {
              "title": "\"before all\" hook in \"Reveal.me Conversation API Tests\"",
              "fullTitle": "Reveal.me Conversation API Tests \"before all\" hook in \"Reveal.me Conversation API Tests\"",
              "timedOut": false,
              "duration": 248,
              "state": null,
              "speed": null,
              "pass": false,
              "fail": false,
              "pending": false,
              "context": null,
              "code": "(0, supertest_1.default)(baseurl)\n    .post('/auth/login')\n    .send(login_json_1.anotherUserCredential)\n    .set('Accept', 'application/json')\n    .set('Content-Type', 'application/json')\n    .end(function (err, res) {\n    expect(res.statusCode).to.be.equal(201);\n    expect(res.body.token).not.to.be.null;\n    anotherUserId = res.body.userId;\n    if (err) {\n        throw err;\n    }\n    done();\n});",
              "err": {},
              "uuid": "a8c245bc-e23e-4bda-8deb-727db9106715",
              "parentUUID": "8074ff8e-670f-496f-a9d1-250c473a1b00",
              "isHook": true,
              "skipped": false
            },
            {
              "title": "\"before all\" hook in \"Reveal.me Conversation API Tests\"",
              "fullTitle": "Reveal.me Conversation API Tests \"before all\" hook in \"Reveal.me Conversation API Tests\"",
              "timedOut": false,
              "duration": 180,
              "state": null,
              "speed": null,
              "pass": false,
              "fail": false,
              "pending": false,
              "context": null,
              "code": "(0, supertest_1.default)(baseurl)\n    .put('/user/profile/body/' + email)\n    .send(updateData_json_1.fullBodyData)\n    .set('Accept', 'application/json')\n    .set('Content-Type', 'application/json')\n    .set(\"Authorization\", \"Bearer \" + token)\n    .end(function (err, res) {\n    expect(res.statusCode).to.be.equal(200);\n    expect(res.body.userDetail.gender).to.be.equal(updateData_json_1.fullBodyData.gender);\n    expect(res.body.userDetail.gender_interest).to.have.members(updateData_json_1.fullBodyData.gender_interest);\n    expect(res.body.userDetail.age).to.be.equal(updateData_json_1.fullBodyData.age);\n    expect(res.body.userDetail.profile_picture).to.be.equal(updateData_json_1.fullBodyData.profile_picture);\n    expect(res.body.userDetail.dob_date).to.be.equal(updateData_json_1.fullBodyData.dob_date);\n    expect(res.body.userDetail.dob_month).to.be.equal(updateData_json_1.fullBodyData.dob_month);\n    expect(res.body.userDetail.dob_year).to.be.equal(updateData_json_1.fullBodyData.dob_year);\n    expect(res.body.userDetail.height).to.be.equal(updateData_json_1.fullBodyData.height);\n    expect(res.body.userDetail.nationality).to.be.equal(updateData_json_1.fullBodyData.nationality);\n    expect(res.body.userDetail.occupation).to.be.equal(updateData_json_1.fullBodyData.occupation);\n    expect(res.body.userDetail.hobbies).to.have.members(updateData_json_1.fullBodyData.hobbies);\n    expect(res.body.userDetail.languages).to.have.members(updateData_json_1.fullBodyData.languages);\n    if (err) {\n        throw err;\n    }\n    done();\n});",
              "err": {},
              "uuid": "c9e5b8dc-89ba-4bd4-8335-f3918445a97a",
              "parentUUID": "8074ff8e-670f-496f-a9d1-250c473a1b00",
              "isHook": true,
              "skipped": false
            }
          ],
          "afterHooks": [
            {
              "title": "\"after all\" hook in \"Reveal.me Conversation API Tests\"",
              "fullTitle": "Reveal.me Conversation API Tests \"after all\" hook in \"Reveal.me Conversation API Tests\"",
              "timedOut": false,
              "duration": 53,
              "state": null,
              "speed": null,
              "pass": false,
              "fail": false,
              "pending": false,
              "context": null,
              "code": "(0, supertest_1.default)(baseurl)\n    .delete(\"/user/\" + userId)\n    .set(({ \"Authorization\": `Bearer ${token}` }))\n    .end(function (err, res) {\n    expect(res.statusCode).to.be.equal(201);\n    if (err) {\n        throw err;\n    }\n    done();\n});",
              "err": {},
              "uuid": "6e6b3ed0-2d5b-4497-ab73-211b49bb1ad0",
              "parentUUID": "8074ff8e-670f-496f-a9d1-250c473a1b00",
              "isHook": true,
              "skipped": false
            },
            {
              "title": "\"after all\" hook in \"Reveal.me Conversation API Tests\"",
              "fullTitle": "Reveal.me Conversation API Tests \"after all\" hook in \"Reveal.me Conversation API Tests\"",
              "timedOut": false,
              "duration": 99,
              "state": null,
              "speed": null,
              "pass": false,
              "fail": false,
              "pending": false,
              "context": null,
              "code": "(0, supertest_1.default)(baseurl)\n    .delete(\"/user/\" + anotherUserId)\n    .set(({ \"Authorization\": `Bearer ${token}` }))\n    .end(function (err, res) {\n    expect(res.statusCode).to.be.equal(201);\n    if (err) {\n        throw err;\n    }\n    done();\n});",
              "err": {},
              "uuid": "08532afd-ce9b-4edc-b13a-4ca341bfed9c",
              "parentUUID": "8074ff8e-670f-496f-a9d1-250c473a1b00",
              "isHook": true,
              "skipped": false
            },
            {
              "title": "\"after all\" hook in \"Reveal.me Conversation API Tests\"",
              "fullTitle": "Reveal.me Conversation API Tests \"after all\" hook in \"Reveal.me Conversation API Tests\"",
              "timedOut": false,
              "duration": 139,
              "state": null,
              "speed": null,
              "pass": false,
              "fail": false,
              "pending": false,
              "context": null,
              "code": "(0, supertest_1.default)(baseurl)\n    .delete(`/conversation/remove/${conversationId}`)\n    .set(({ \"Authorization\": `Bearer ${token}` }))\n    .end(function (err, res) {\n    expect(res.statusCode).to.be.equal(200);\n    if (err) {\n        throw err;\n    }\n    done();\n});",
              "err": {},
              "uuid": "2b373d59-3a09-4014-a796-9d7e0752a9ed",
              "parentUUID": "8074ff8e-670f-496f-a9d1-250c473a1b00",
              "isHook": true,
              "skipped": false
            }
          ],
          "tests": [
            {
              "title": "should successfully create a conversation when both swipe right",
              "fullTitle": "Reveal.me Conversation API Tests should successfully create a conversation when both swipe right",
              "timedOut": false,
              "duration": 63,
              "state": "passed",
              "speed": "medium",
              "pass": true,
              "fail": false,
              "pending": false,
              "context": null,
              "code": "(0, supertest_1.default)(baseurl)\n    .post(`/conversation/message/${userId}/${anotherUserId}`)\n    .set(\"Authorization\", \"Bearer \" + token)\n    .end(function (err, res) {\n    expect(res.statusCode).to.be.equal(201);\n    expect(res.body.members).to.have.members([userId, anotherUserId]);\n    conversationId = res.body._id;\n    if (err) {\n        throw err;\n    }\n    done();\n});",
              "err": {},
              "uuid": "5980e4b5-f8b5-4c3f-b907-66862b7d6043",
              "parentUUID": "8074ff8e-670f-496f-a9d1-250c473a1b00",
              "isHook": false,
              "skipped": false
            },
            {
              "title": "should successfully get the picture",
              "fullTitle": "Reveal.me Conversation API Tests should successfully get the picture",
              "timedOut": false,
              "duration": 402,
              "state": "passed",
              "speed": "slow",
              "pass": true,
              "fail": false,
              "pending": false,
              "context": null,
              "code": "(0, supertest_1.default)(baseurl)\n    .get(`/conversation/user/picture/${conversationId}/${userId}`)\n    .set(\"Authorization\", \"Bearer \" + token)\n    .end(function (err, res) {\n    expect(res.statusCode).to.be.equal(200);\n    if (err) {\n        throw err;\n    }\n    done();\n});",
              "err": {},
              "uuid": "05cd8965-f83c-49ee-bd95-731a098d9f7c",
              "parentUUID": "8074ff8e-670f-496f-a9d1-250c473a1b00",
              "isHook": false,
              "skipped": false
            },
            {
              "title": "should successfully getting all conversation",
              "fullTitle": "Reveal.me Conversation API Tests should successfully getting all conversation",
              "timedOut": false,
              "duration": 56,
              "state": "passed",
              "speed": "medium",
              "pass": true,
              "fail": false,
              "pending": false,
              "context": null,
              "code": "(0, supertest_1.default)(baseurl)\n    .get(`/allconversation`)\n    .set(\"Authorization\", \"Bearer \" + token)\n    .end(function (err, res) {\n    expect(res.statusCode).to.be.equal(200);\n    if (err) {\n        throw err;\n    }\n    done();\n});",
              "err": {},
              "uuid": "24b3e31c-2b02-4f21-bc95-873163f75421",
              "parentUUID": "8074ff8e-670f-496f-a9d1-250c473a1b00",
              "isHook": false,
              "skipped": false
            },
            {
              "title": "should successfully getting all conversation from one user",
              "fullTitle": "Reveal.me Conversation API Tests should successfully getting all conversation from one user",
              "timedOut": false,
              "duration": 52,
              "state": "passed",
              "speed": "medium",
              "pass": true,
              "fail": false,
              "pending": false,
              "context": null,
              "code": "(0, supertest_1.default)(baseurl)\n    .get(`/allconversation/${userId}`)\n    .set(\"Authorization\", \"Bearer \" + token)\n    .end(function (err, res) {\n    expect(res.statusCode).to.be.equal(200);\n    if (err) {\n        throw err;\n    }\n    done();\n});",
              "err": {},
              "uuid": "568bb4fa-fc6b-45a3-b978-6f0528ff1f65",
              "parentUUID": "8074ff8e-670f-496f-a9d1-250c473a1b00",
              "isHook": false,
              "skipped": false
            },
            {
              "title": "should successfully create a message",
              "fullTitle": "Reveal.me Conversation API Tests should successfully create a message",
              "timedOut": false,
              "duration": 56,
              "state": "passed",
              "speed": "medium",
              "pass": true,
              "fail": false,
              "pending": false,
              "context": null,
              "code": "let message = { userId: userId, message: \"testing\" };\n(0, supertest_1.default)(baseurl)\n    .post(`/message/${conversationId}`)\n    .send(message)\n    .set(\"Authorization\", \"Bearer \" + token)\n    .set('Accept', 'application/json')\n    .set('Content-Type', 'application/json')\n    .end(function (err, res) {\n    expect(res.statusCode).to.be.equal(201);\n    expect(res.body.sender).to.be.equal(userId);\n    expect(res.body.message).to.be.equal(message.message);\n    if (err) {\n        throw err;\n    }\n    done();\n});",
              "err": {},
              "uuid": "530072cd-99d5-41a5-a317-d453e686837a",
              "parentUUID": "8074ff8e-670f-496f-a9d1-250c473a1b00",
              "isHook": false,
              "skipped": false
            },
            {
              "title": "should successfully getting the total of all messages from a conversation",
              "fullTitle": "Reveal.me Conversation API Tests should successfully getting the total of all messages from a conversation",
              "timedOut": false,
              "duration": 160,
              "state": "passed",
              "speed": "slow",
              "pass": true,
              "fail": false,
              "pending": false,
              "context": null,
              "code": "(0, supertest_1.default)(baseurl)\n    .get(`/message/total/${conversationId}`)\n    .set(\"Authorization\", \"Bearer \" + token)\n    .end(function (err, res) {\n    expect(res.statusCode).to.be.equal(200);\n    expect(res.body).to.have.members([1, 0]);\n    if (err) {\n        throw err;\n    }\n    done();\n});",
              "err": {},
              "uuid": "0fd9f51e-30bd-4dbc-ae52-b3b87fbc6ee1",
              "parentUUID": "8074ff8e-670f-496f-a9d1-250c473a1b00",
              "isHook": false,
              "skipped": false
            },
            {
              "title": "should successfully getting all messages from a conversation",
              "fullTitle": "Reveal.me Conversation API Tests should successfully getting all messages from a conversation",
              "timedOut": false,
              "duration": 53,
              "state": "passed",
              "speed": "medium",
              "pass": true,
              "fail": false,
              "pending": false,
              "context": null,
              "code": "(0, supertest_1.default)(baseurl)\n    .get(`/message/all/${conversationId}`)\n    .set(\"Authorization\", \"Bearer \" + token)\n    .end(function (err, res) {\n    expect(res.statusCode).to.be.equal(200);\n    if (err) {\n        throw err;\n    }\n    done();\n});",
              "err": {},
              "uuid": "b1be1661-f708-4d3f-914c-801c105e45c9",
              "parentUUID": "8074ff8e-670f-496f-a9d1-250c473a1b00",
              "isHook": false,
              "skipped": false
            }
          ],
          "suites": [],
          "passes": [
            "5980e4b5-f8b5-4c3f-b907-66862b7d6043",
            "05cd8965-f83c-49ee-bd95-731a098d9f7c",
            "24b3e31c-2b02-4f21-bc95-873163f75421",
            "568bb4fa-fc6b-45a3-b978-6f0528ff1f65",
            "530072cd-99d5-41a5-a317-d453e686837a",
            "0fd9f51e-30bd-4dbc-ae52-b3b87fbc6ee1",
            "b1be1661-f708-4d3f-914c-801c105e45c9"
          ],
          "failures": [],
          "pending": [],
          "skipped": [],
          "duration": 842,
          "root": false,
          "rootEmpty": false,
          "_timeout": 10000
        },
        {
          "uuid": "354459bd-885c-4755-9af6-1bc693f97d9c",
          "title": "Reveal.me user API Tests",
          "fullFile": "C:\\Users\\Ami Rahmi\\OneDrive\\Documents\\HDA\\5.Semester\\FWE\\project\\reveal.me\\Backend\\reveal.me\\test\\userTest.spec.ts",
          "file": "\\test\\userTest.spec.ts",
          "beforeHooks": [],
          "afterHooks": [
            {
              "title": "\"after all\" hook in \"Reveal.me user API Tests\"",
              "fullTitle": "Reveal.me user API Tests \"after all\" hook in \"Reveal.me user API Tests\"",
              "timedOut": false,
              "duration": 50,
              "state": null,
              "speed": null,
              "pass": false,
              "fail": false,
              "pending": false,
              "context": null,
              "code": "(0, supertest_1.default)(baseurl)\n    .delete(\"/user/\" + userId)\n    .set(({ \"Authorization\": `Bearer ${token}` }))\n    .end(function (err, res) {\n    expect(res.statusCode).to.be.equal(201);\n    if (err) {\n        throw err;\n    }\n    done();\n});",
              "err": {},
              "uuid": "9ebc415b-63c5-4d53-8443-a2692f395eb1",
              "parentUUID": "354459bd-885c-4755-9af6-1bc693f97d9c",
              "isHook": true,
              "skipped": false
            },
            {
              "title": "\"after all\" hook in \"Reveal.me user API Tests\"",
              "fullTitle": "Reveal.me user API Tests \"after all\" hook in \"Reveal.me user API Tests\"",
              "timedOut": false,
              "duration": 70,
              "state": null,
              "speed": null,
              "pass": false,
              "fail": false,
              "pending": false,
              "context": null,
              "code": "(0, supertest_1.default)(baseurl)\n    .delete(\"/user/\" + anotherUserId)\n    .set(({ \"Authorization\": `Bearer ${token}` }))\n    .end(function (err, res) {\n    expect(res.statusCode).to.be.equal(201);\n    if (err) {\n        throw err;\n    }\n    done();\n});",
              "err": {},
              "uuid": "b05f127f-74c9-41f2-96bd-8bcf316ab10e",
              "parentUUID": "354459bd-885c-4755-9af6-1bc693f97d9c",
              "isHook": true,
              "skipped": false
            }
          ],
          "tests": [
            {
              "title": "should successfully create a user",
              "fullTitle": "Reveal.me user API Tests should successfully create a user",
              "timedOut": false,
              "duration": 228,
              "state": "passed",
              "speed": "slow",
              "pass": true,
              "fail": false,
              "pending": false,
              "context": null,
              "code": "(0, supertest_1.default)(baseurl)\n    .post('/auth/register')\n    .send(register_json_1.successfulRegister)\n    .set('Accept', 'application/json')\n    .set('Content-Type', 'application/json')\n    .end(function (err, res) {\n    expect(res.statusCode).to.be.equal(201);\n    expect(res.body.userId).not.to.be.null;\n    userId = res.body.userId;\n    if (err) {\n        throw err;\n    }\n    done();\n});",
              "err": {},
              "uuid": "0052eac2-1e4e-401a-80e5-7540a4cf727e",
              "parentUUID": "354459bd-885c-4755-9af6-1bc693f97d9c",
              "isHook": false,
              "skipped": false
            },
            {
              "title": "should fail creating the same user twice",
              "fullTitle": "Reveal.me user API Tests should fail creating the same user twice",
              "timedOut": false,
              "duration": 217,
              "state": "passed",
              "speed": "slow",
              "pass": true,
              "fail": false,
              "pending": false,
              "context": null,
              "code": "(0, supertest_1.default)(baseurl)\n    .post('/auth/register')\n    .send(register_json_1.successfulRegister)\n    .set('Accept', 'application/json')\n    .set('Content-Type', 'application/json')\n    .end(function (err, res) {\n    expect(res.statusCode).to.be.equal(405);\n    if (err) {\n        throw err;\n    }\n    done();\n});",
              "err": {},
              "uuid": "5eb455b1-9e8a-4b4e-ba24-1faa3287bcf1",
              "parentUUID": "354459bd-885c-4755-9af6-1bc693f97d9c",
              "isHook": false,
              "skipped": false
            },
            {
              "title": "should fail because password is too short",
              "fullTitle": "Reveal.me user API Tests should fail because password is too short",
              "timedOut": false,
              "duration": 10,
              "state": "passed",
              "speed": "fast",
              "pass": true,
              "fail": false,
              "pending": false,
              "context": null,
              "code": "(0, supertest_1.default)(baseurl)\n    .post('/auth/register')\n    .send(register_json_1.failRegister)\n    .set('Accept', 'application/json')\n    .set('Content-Type', 'application/json')\n    .end(function (err, res) {\n    expect(res.statusCode).to.be.equal(409);\n    if (err) {\n        throw err;\n    }\n    done();\n});",
              "err": {},
              "uuid": "8db42c1d-5092-434e-8876-f60569da4bcf",
              "parentUUID": "354459bd-885c-4755-9af6-1bc693f97d9c",
              "isHook": false,
              "skipped": false
            },
            {
              "title": "should successfully logging in",
              "fullTitle": "Reveal.me user API Tests should successfully logging in",
              "timedOut": false,
              "duration": 190,
              "state": "passed",
              "speed": "slow",
              "pass": true,
              "fail": false,
              "pending": false,
              "context": null,
              "code": "(0, supertest_1.default)(baseurl)\n    .post('/auth/login')\n    .send(login_json_1.correctCredential)\n    .set('Accept', 'application/json')\n    .set('Content-Type', 'application/json')\n    .end(function (err, res) {\n    expect(res.statusCode).to.be.equal(201);\n    expect(res.body.token).not.to.be.null;\n    token = res.body.token;\n    if (err) {\n        throw err;\n    }\n    done();\n});",
              "err": {},
              "uuid": "0a5ce9a8-e28d-4765-ac21-d30cb8f2ff87",
              "parentUUID": "354459bd-885c-4755-9af6-1bc693f97d9c",
              "isHook": false,
              "skipped": false
            },
            {
              "title": "should fail logging in false credential",
              "fullTitle": "Reveal.me user API Tests should fail logging in false credential",
              "timedOut": false,
              "duration": 357,
              "state": "passed",
              "speed": "slow",
              "pass": true,
              "fail": false,
              "pending": false,
              "context": null,
              "code": "(0, supertest_1.default)(baseurl)\n    .post('/auth/login')\n    .send(login_json_1.falseCredential)\n    .set('Accept', 'application/json')\n    .set('Content-Type', 'application/json')\n    .end(function (err, res) {\n    expect(res.statusCode).to.be.equal(400);\n    if (err) {\n        throw err;\n    }\n    done();\n});",
              "err": {},
              "uuid": "5a2571be-f87c-4a45-b5c8-43d3d24fb33d",
              "parentUUID": "354459bd-885c-4755-9af6-1bc693f97d9c",
              "isHook": false,
              "skipped": false
            },
            {
              "title": "should successfully reset password",
              "fullTitle": "Reveal.me user API Tests should successfully reset password",
              "timedOut": false,
              "duration": 208,
              "state": "passed",
              "speed": "slow",
              "pass": true,
              "fail": false,
              "pending": false,
              "context": null,
              "code": "(0, supertest_1.default)(baseurl)\n    .post('/auth/login/forgetpassword')\n    .send(forgetPassword_json_1.correctConfirmPassword)\n    .set('Accept', 'application/json')\n    .set('Content-Type', 'application/json')\n    .end(function (err, res) {\n    expect(res.statusCode).to.be.equal(201);\n    if (err) {\n        throw err;\n    }\n    done();\n});",
              "err": {},
              "uuid": "d6b39067-7652-4ef1-b1aa-6f52132d085b",
              "parentUUID": "354459bd-885c-4755-9af6-1bc693f97d9c",
              "isHook": false,
              "skipped": false
            },
            {
              "title": "should fail reset password because confirm password does not match",
              "fullTitle": "Reveal.me user API Tests should fail reset password because confirm password does not match",
              "timedOut": false,
              "duration": 150,
              "state": "passed",
              "speed": "slow",
              "pass": true,
              "fail": false,
              "pending": false,
              "context": null,
              "code": "(0, supertest_1.default)(baseurl)\n    .post('/auth/login/forgetpassword')\n    .send(forgetPassword_json_1.falseConfirmPassword)\n    .set('Accept', 'application/json')\n    .set('Content-Type', 'application/json')\n    .end(function (err, res) {\n    expect(res.statusCode).to.be.equal(400);\n    if (err) {\n        throw err;\n    }\n    done();\n});",
              "err": {},
              "uuid": "d236828d-e035-4d55-b247-cab1faeedb0e",
              "parentUUID": "354459bd-885c-4755-9af6-1bc693f97d9c",
              "isHook": false,
              "skipped": false
            },
            {
              "title": "should fail reset password because new password is too short",
              "fullTitle": "Reveal.me user API Tests should fail reset password because new password is too short",
              "timedOut": false,
              "duration": 136,
              "state": "passed",
              "speed": "slow",
              "pass": true,
              "fail": false,
              "pending": false,
              "context": null,
              "code": "(0, supertest_1.default)(baseurl)\n    .post('/auth/login/forgetpassword')\n    .send(forgetPassword_json_1.passwordTooShort)\n    .set('Accept', 'application/json')\n    .set('Content-Type', 'application/json')\n    .end(function (err, res) {\n    expect(res.statusCode).to.be.equal(409);\n    if (err) {\n        throw err;\n    }\n    done();\n});",
              "err": {},
              "uuid": "c856b100-52fd-4b95-88b9-1046315ad8bd",
              "parentUUID": "354459bd-885c-4755-9af6-1bc693f97d9c",
              "isHook": false,
              "skipped": false
            },
            {
              "title": "should successfully update user",
              "fullTitle": "Reveal.me user API Tests should successfully update user",
              "timedOut": false,
              "duration": 87,
              "state": "passed",
              "speed": "slow",
              "pass": true,
              "fail": false,
              "pending": false,
              "context": null,
              "code": "(0, supertest_1.default)(baseurl)\n    .put('/user/profile/head/' + email)\n    .send(updateData_json_1.fullHeaderData)\n    .set('Accept', 'application/json')\n    .set('Content-Type', 'application/json')\n    .set(\"Authorization\", \"Bearer \" + token)\n    .end(function (err, res) {\n    expect(res.statusCode).to.be.equal(200);\n    expect(res.body.first_name).to.be.equal(updateData_json_1.fullHeaderData.first_name);\n    expect(res.body.last_name).to.be.equal(updateData_json_1.fullHeaderData.last_name);\n    if (err) {\n        throw err;\n    }\n    done();\n});",
              "err": {},
              "uuid": "05da2491-23f1-4287-b65d-40f1faf7a17d",
              "parentUUID": "354459bd-885c-4755-9af6-1bc693f97d9c",
              "isHook": false,
              "skipped": false
            },
            {
              "title": "should successfully update user details",
              "fullTitle": "Reveal.me user API Tests should successfully update user details",
              "timedOut": false,
              "duration": 104,
              "state": "passed",
              "speed": "slow",
              "pass": true,
              "fail": false,
              "pending": false,
              "context": null,
              "code": "(0, supertest_1.default)(baseurl)\n    .put('/user/profile/body/' + email)\n    .send(updateData_json_1.fullBodyData)\n    .set('Accept', 'application/json')\n    .set('Content-Type', 'application/json')\n    .set(\"Authorization\", \"Bearer \" + token)\n    .end(function (err, res) {\n    expect(res.statusCode).to.be.equal(200);\n    expect(res.body.userDetail.gender).to.be.equal(updateData_json_1.fullBodyData.gender);\n    expect(res.body.userDetail.gender_interest).to.have.members(updateData_json_1.fullBodyData.gender_interest);\n    expect(res.body.userDetail.age).to.be.equal(updateData_json_1.fullBodyData.age);\n    expect(res.body.userDetail.profile_picture).to.be.equal(updateData_json_1.fullBodyData.profile_picture);\n    expect(res.body.userDetail.dob_date).to.be.equal(updateData_json_1.fullBodyData.dob_date);\n    expect(res.body.userDetail.dob_month).to.be.equal(updateData_json_1.fullBodyData.dob_month);\n    expect(res.body.userDetail.dob_year).to.be.equal(updateData_json_1.fullBodyData.dob_year);\n    expect(res.body.userDetail.height).to.be.equal(updateData_json_1.fullBodyData.height);\n    expect(res.body.userDetail.nationality).to.be.equal(updateData_json_1.fullBodyData.nationality);\n    expect(res.body.userDetail.occupation).to.be.equal(updateData_json_1.fullBodyData.occupation);\n    expect(res.body.userDetail.hobbies).to.have.members(updateData_json_1.fullBodyData.hobbies);\n    expect(res.body.userDetail.languages).to.have.members(updateData_json_1.fullBodyData.languages);\n    if (err) {\n        throw err;\n    }\n    done();\n});",
              "err": {},
              "uuid": "c9e2948f-e782-4946-89c3-51e45072ad88",
              "parentUUID": "354459bd-885c-4755-9af6-1bc693f97d9c",
              "isHook": false,
              "skipped": false
            },
            {
              "title": "should successfully create another user",
              "fullTitle": "Reveal.me user API Tests should successfully create another user",
              "timedOut": false,
              "duration": 272,
              "state": "passed",
              "speed": "slow",
              "pass": true,
              "fail": false,
              "pending": false,
              "context": null,
              "code": "(0, supertest_1.default)(baseurl)\n    .post('/auth/register')\n    .send(register_json_1.anotherUser)\n    .set('Accept', 'application/json')\n    .set('Content-Type', 'application/json')\n    .end(function (err, res) {\n    expect(res.statusCode).to.be.equal(201);\n    expect(res.body.userId).not.to.be.null;\n    if (err) {\n        throw err;\n    }\n    done();\n});",
              "err": {},
              "uuid": "8f3cc22a-ad23-4ad8-8165-c77f82edc216",
              "parentUUID": "354459bd-885c-4755-9af6-1bc693f97d9c",
              "isHook": false,
              "skipped": false
            },
            {
              "title": "should successfully login to another user account",
              "fullTitle": "Reveal.me user API Tests should successfully login to another user account",
              "timedOut": false,
              "duration": 242,
              "state": "passed",
              "speed": "slow",
              "pass": true,
              "fail": false,
              "pending": false,
              "context": null,
              "code": "(0, supertest_1.default)(baseurl)\n    .post('/auth/login')\n    .send(login_json_1.anotherUserCredential)\n    .set('Accept', 'application/json')\n    .set('Content-Type', 'application/json')\n    .end(function (err, res) {\n    expect(res.statusCode).to.be.equal(201);\n    expect(res.body.token).not.to.be.null;\n    anotherUserId = res.body.userId;\n    if (err) {\n        throw err;\n    }\n    done();\n});",
              "err": {},
              "uuid": "80b9d856-7b72-4111-b389-face70b4691a",
              "parentUUID": "354459bd-885c-4755-9af6-1bc693f97d9c",
              "isHook": false,
              "skipped": false
            },
            {
              "title": "should successfully update oneMatchUser",
              "fullTitle": "Reveal.me user API Tests should successfully update oneMatchUser",
              "timedOut": false,
              "duration": 154,
              "state": "passed",
              "speed": "slow",
              "pass": true,
              "fail": false,
              "pending": false,
              "context": null,
              "code": "(0, supertest_1.default)(baseurl)\n    .put(`/user/profile/id/${userId}/${anotherUserId}`)\n    .set(\"Authorization\", \"Bearer \" + token)\n    .end(function (err, res) {\n    expect(res.statusCode).to.be.equal(200);\n    expect(res.body.oneSideMatch).to.have.members([userId]);\n    if (err) {\n        throw err;\n    }\n    done();\n});",
              "err": {},
              "uuid": "12ca9c1e-f3db-471a-92a6-0f1591440e6f",
              "parentUUID": "354459bd-885c-4755-9af6-1bc693f97d9c",
              "isHook": false,
              "skipped": false
            },
            {
              "title": "should successfully remove UserId from oneMatchUser",
              "fullTitle": "Reveal.me user API Tests should successfully remove UserId from oneMatchUser",
              "timedOut": false,
              "duration": 143,
              "state": "passed",
              "speed": "slow",
              "pass": true,
              "fail": false,
              "pending": false,
              "context": null,
              "code": "(0, supertest_1.default)(baseurl)\n    .put(`/user/profile/remove/id/${userId}/${anotherUserId}`)\n    .set(\"Authorization\", \"Bearer \" + token)\n    .end(function (err, res) {\n    expect(res.statusCode).to.be.equal(200);\n    expect(res.body.oneSideMatch).to.have.members([]);\n    if (err) {\n        throw err;\n    }\n    done();\n});",
              "err": {},
              "uuid": "d7b24bfa-7c12-4d3d-af22-f8ed823d21ff",
              "parentUUID": "354459bd-885c-4755-9af6-1bc693f97d9c",
              "isHook": false,
              "skipped": false
            },
            {
              "title": "should successfully input anotherUserId in swipedLeftUser from UserId",
              "fullTitle": "Reveal.me user API Tests should successfully input anotherUserId in swipedLeftUser from UserId",
              "timedOut": false,
              "duration": 136,
              "state": "passed",
              "speed": "slow",
              "pass": true,
              "fail": false,
              "pending": false,
              "context": null,
              "code": "(0, supertest_1.default)(baseurl)\n    .put(`/user/profile/swipedleft/id/${userId}/${anotherUserId}`)\n    .set(\"Authorization\", \"Bearer \" + token)\n    .end(function (err, res) {\n    expect(res.statusCode).to.be.equal(200);\n    expect(res.body.swipedLeftUsers).to.have.members([anotherUserId]);\n    if (err) {\n        throw err;\n    }\n    done();\n});",
              "err": {},
              "uuid": "a46c2d6f-cb42-4cee-b93a-21d3e0dce53d",
              "parentUUID": "354459bd-885c-4755-9af6-1bc693f97d9c",
              "isHook": false,
              "skipped": false
            },
            {
              "title": "should successfully remove anotherUserId in swipedLeftUser from UserId",
              "fullTitle": "Reveal.me user API Tests should successfully remove anotherUserId in swipedLeftUser from UserId",
              "timedOut": false,
              "duration": 105,
              "state": "passed",
              "speed": "slow",
              "pass": true,
              "fail": false,
              "pending": false,
              "context": null,
              "code": "(0, supertest_1.default)(baseurl)\n    .put(`/user/profile/swipedleft/remove/id/${userId}`)\n    .set(\"Authorization\", \"Bearer \" + token)\n    .end(function (err, res) {\n    expect(res.statusCode).to.be.equal(200);\n    expect(res.body).to.be.equal(anotherUserId);\n    if (err) {\n        throw err;\n    }\n    done();\n});",
              "err": {},
              "uuid": "4ce9d2ac-4ca3-46d2-aa20-15c7175e0d50",
              "parentUUID": "354459bd-885c-4755-9af6-1bc693f97d9c",
              "isHook": false,
              "skipped": false
            },
            {
              "title": "should successfully getting all user",
              "fullTitle": "Reveal.me user API Tests should successfully getting all user",
              "timedOut": false,
              "duration": 3712,
              "state": "passed",
              "speed": "slow",
              "pass": true,
              "fail": false,
              "pending": false,
              "context": null,
              "code": "(0, supertest_1.default)(baseurl)\n    .get(`/alluser`)\n    .set(\"Authorization\", \"Bearer \" + token)\n    .end(function (err, res) {\n    expect(res.statusCode).to.be.equal(200);\n    if (err) {\n        throw err;\n    }\n    done();\n});",
              "err": {},
              "uuid": "e5053487-751d-49bb-8831-48fa6bfe845b",
              "parentUUID": "354459bd-885c-4755-9af6-1bc693f97d9c",
              "isHook": false,
              "skipped": false
            },
            {
              "title": "should successfully getting a user",
              "fullTitle": "Reveal.me user API Tests should successfully getting a user",
              "timedOut": false,
              "duration": 47,
              "state": "passed",
              "speed": "medium",
              "pass": true,
              "fail": false,
              "pending": false,
              "context": null,
              "code": "(0, supertest_1.default)(baseurl)\n    .get(`/singleuser/id/${userId}`)\n    .send(updateData_json_1.fullHeaderData)\n    .send(updateData_json_1.fullBodyData)\n    .set(\"Authorization\", \"Bearer \" + token)\n    .end(function (err, res) {\n    expect(res.statusCode).to.be.equal(200);\n    expect(res.body.first_name).to.be.equal(updateData_json_1.fullHeaderData.first_name);\n    expect(res.body.last_name).to.be.equal(updateData_json_1.fullHeaderData.last_name);\n    expect(res.body.userDetail.gender).to.be.equal(updateData_json_1.fullBodyData.gender);\n    expect(res.body.userDetail.gender_interest).to.have.members(updateData_json_1.fullBodyData.gender_interest);\n    expect(res.body.userDetail.age).to.be.equal(updateData_json_1.fullBodyData.age);\n    expect(res.body.userDetail.profile_picture).to.be.equal(updateData_json_1.fullBodyData.profile_picture);\n    expect(res.body.userDetail.dob_date).to.be.equal(updateData_json_1.fullBodyData.dob_date);\n    expect(res.body.userDetail.dob_month).to.be.equal(updateData_json_1.fullBodyData.dob_month);\n    expect(res.body.userDetail.dob_year).to.be.equal(updateData_json_1.fullBodyData.dob_year);\n    expect(res.body.userDetail.height).to.be.equal(updateData_json_1.fullBodyData.height);\n    expect(res.body.userDetail.nationality).to.be.equal(updateData_json_1.fullBodyData.nationality);\n    expect(res.body.userDetail.occupation).to.be.equal(updateData_json_1.fullBodyData.occupation);\n    expect(res.body.userDetail.hobbies).to.have.members(updateData_json_1.fullBodyData.hobbies);\n    expect(res.body.userDetail.languages).to.have.members(updateData_json_1.fullBodyData.languages);\n    if (err) {\n        throw err;\n    }\n    done();\n});",
              "err": {},
              "uuid": "1910c41c-32fb-4c41-826d-faecd8a2cc94",
              "parentUUID": "354459bd-885c-4755-9af6-1bc693f97d9c",
              "isHook": false,
              "skipped": false
            },
            {
              "title": "should successfully getting filteredUsers",
              "fullTitle": "Reveal.me user API Tests should successfully getting filteredUsers",
              "timedOut": false,
              "duration": 1772,
              "state": "passed",
              "speed": "slow",
              "pass": true,
              "fail": false,
              "pending": false,
              "context": null,
              "code": "(0, supertest_1.default)(baseurl)\n    .get(`/filtereduser/id/${userId}`)\n    .set(\"Authorization\", \"Bearer \" + token)\n    .end(function (err, res) {\n    expect(res.statusCode).to.be.equal(200);\n    if (err) {\n        throw err;\n    }\n    done();\n});",
              "err": {},
              "uuid": "d6d13870-4ccd-43d6-9410-1ec1e32016c8",
              "parentUUID": "354459bd-885c-4755-9af6-1bc693f97d9c",
              "isHook": false,
              "skipped": false
            },
            {
              "title": "should successfully getting genderedUser",
              "fullTitle": "Reveal.me user API Tests should successfully getting genderedUser",
              "timedOut": false,
              "duration": 1513,
              "state": "passed",
              "speed": "slow",
              "pass": true,
              "fail": false,
              "pending": false,
              "context": null,
              "code": "(0, supertest_1.default)(baseurl)\n    .get(`/gendereduser/id/${userId}`)\n    .set(\"Authorization\", \"Bearer \" + token)\n    .end(function (err, res) {\n    expect(res.statusCode).to.be.equal(200);\n    if (err) {\n        throw err;\n    }\n    done();\n});",
              "err": {},
              "uuid": "a908e223-230d-4255-a31f-66a2d0cc6833",
              "parentUUID": "354459bd-885c-4755-9af6-1bc693f97d9c",
              "isHook": false,
              "skipped": false
            }
          ],
          "suites": [],
          "passes": [
            "0052eac2-1e4e-401a-80e5-7540a4cf727e",
            "5eb455b1-9e8a-4b4e-ba24-1faa3287bcf1",
            "8db42c1d-5092-434e-8876-f60569da4bcf",
            "0a5ce9a8-e28d-4765-ac21-d30cb8f2ff87",
            "5a2571be-f87c-4a45-b5c8-43d3d24fb33d",
            "d6b39067-7652-4ef1-b1aa-6f52132d085b",
            "d236828d-e035-4d55-b247-cab1faeedb0e",
            "c856b100-52fd-4b95-88b9-1046315ad8bd",
            "05da2491-23f1-4287-b65d-40f1faf7a17d",
            "c9e2948f-e782-4946-89c3-51e45072ad88",
            "8f3cc22a-ad23-4ad8-8165-c77f82edc216",
            "80b9d856-7b72-4111-b389-face70b4691a",
            "12ca9c1e-f3db-471a-92a6-0f1591440e6f",
            "d7b24bfa-7c12-4d3d-af22-f8ed823d21ff",
            "a46c2d6f-cb42-4cee-b93a-21d3e0dce53d",
            "4ce9d2ac-4ca3-46d2-aa20-15c7175e0d50",
            "e5053487-751d-49bb-8831-48fa6bfe845b",
            "1910c41c-32fb-4c41-826d-faecd8a2cc94",
            "d6d13870-4ccd-43d6-9410-1ec1e32016c8",
            "a908e223-230d-4255-a31f-66a2d0cc6833"
          ],
          "failures": [],
          "pending": [],
          "skipped": [],
          "duration": 9783,
          "root": false,
          "rootEmpty": false,
          "_timeout": 10000
        }
      ],
      "passes": [],
      "failures": [],
      "pending": [],
      "skipped": [],
      "duration": 0,
      "root": true,
      "rootEmpty": true,
      "_timeout": 10000
    }
  ],
  "meta": {
    "mocha": {
      "version": "10.0.0"
    },
    "mochawesome": {
      "options": {
        "quiet": false,
        "reportFilename": "mochawesome",
        "saveHtml": true,
        "saveJson": true,
        "consoleReporter": "spec",
        "useInlineDiffs": false,
        "code": true
      },
      "version": "7.1.3"
    },
    "marge": {
      "options": {
        "reportDir": "test-results"
      },
      "version": "6.2.0"
    }
  }
}