{
  "stats": {
    "suites": 2,
    "tests": 26,
    "passes": 26,
    "pending": 0,
    "failures": 0,
    "start": "2022-07-17T19:46:12.467Z",
    "end": "2022-07-17T19:46:20.804Z",
    "duration": 8337,
    "testsRegistered": 26,
    "passPercent": 100,
    "pendingPercent": 0,
    "other": 0,
    "hasOther": false,
    "skipped": 0,
    "hasSkipped": false
  },
  "results": [
    {
      "uuid": "add92684-ee6c-4f3c-8284-0f3678614255",
      "title": "",
      "fullFile": "",
      "file": "",
      "beforeHooks": [],
      "afterHooks": [],
      "tests": [],
      "suites": [
        {
          "uuid": "e7271597-2eab-42cb-a884-52fb83d6ddef",
          "title": "Reveal.me Conversation API Tests",
          "fullFile": "C:\\Users\\Ami Rahmi\\OneDrive\\Documents\\HDA\\5.Semester\\FWE\\project\\reveal.me\\Backend\\reveal.me\\test\\conversationTest.spec.ts",
          "file": "\\test\\conversationTest.spec.ts",
          "beforeHooks": [
            {
              "title": "\"before all\" hook in \"Reveal.me Conversation API Tests\"",
              "fullTitle": "Reveal.me Conversation API Tests \"before all\" hook in \"Reveal.me Conversation API Tests\"",
              "timedOut": false,
              "duration": 1395,
              "state": null,
              "speed": null,
              "pass": false,
              "fail": false,
              "pending": false,
              "context": null,
              "code": "(0, supertest_1.default)(baseurl)\n    .post('/auth/register')\n    .send(register_json_1.successfulRegister)\n    .set('Accept', 'application/json')\n    .set('Content-Type', 'application/json')\n    .end(function (err, res) {\n    expect(res.statusCode).to.be.equal(201);\n    expect(res.body.userId).not.to.be.null;\n    token = res.body.token;\n    userId = res.body.userId;\n    if (err) {\n        throw err;\n    }\n    done();\n});",
              "err": {},
              "uuid": "418fe6bf-89f8-43ca-898c-3717b7e62b39",
              "parentUUID": "e7271597-2eab-42cb-a884-52fb83d6ddef",
              "isHook": true,
              "skipped": false
            },
            {
              "title": "\"before all\" hook in \"Reveal.me Conversation API Tests\"",
              "fullTitle": "Reveal.me Conversation API Tests \"before all\" hook in \"Reveal.me Conversation API Tests\"",
              "timedOut": false,
              "duration": 265,
              "state": null,
              "speed": null,
              "pass": false,
              "fail": false,
              "pending": false,
              "context": null,
              "code": "(0, supertest_1.default)(baseurl)\n    .post('/auth/register')\n    .send(register_json_1.anotherUser)\n    .set('Accept', 'application/json')\n    .set('Content-Type', 'application/json')\n    .end(function (err, res) {\n    expect(res.statusCode).to.be.equal(201);\n    expect(res.body.userId).not.to.be.null;\n    anotherUserId = res.body.userId;\n    if (err) {\n        throw err;\n    }\n    done();\n});",
              "err": {},
              "uuid": "86a4bb6a-dfee-40cb-abfa-73bb77c76f70",
              "parentUUID": "e7271597-2eab-42cb-a884-52fb83d6ddef",
              "isHook": true,
              "skipped": false
            },
            {
              "title": "\"before all\" hook in \"Reveal.me Conversation API Tests\"",
              "fullTitle": "Reveal.me Conversation API Tests \"before all\" hook in \"Reveal.me Conversation API Tests\"",
              "timedOut": false,
              "duration": 130,
              "state": null,
              "speed": null,
              "pass": false,
              "fail": false,
              "pending": false,
              "context": null,
              "code": "(0, supertest_1.default)(baseurl)\n    .put('/user/profile/body/' + email)\n    .send(updateData_json_1.fullBodyData)\n    .set('Accept', 'application/json')\n    .set('Content-Type', 'application/json')\n    .set(\"Authorization\", \"Bearer \" + token)\n    .end(function (err, res) {\n    expect(res.statusCode).to.be.equal(200);\n    expect(res.body.userDetail.gender).to.be.equal(updateData_json_1.fullBodyData.gender);\n    expect(res.body.userDetail.gender_interest).to.have.members(updateData_json_1.fullBodyData.gender_interest);\n    expect(res.body.userDetail.age).to.be.equal(updateData_json_1.fullBodyData.age);\n    expect(res.body.userDetail.profile_picture).to.be.equal(updateData_json_1.fullBodyData.profile_picture);\n    expect(res.body.userDetail.dob_date).to.be.equal(updateData_json_1.fullBodyData.dob_date);\n    expect(res.body.userDetail.dob_month).to.be.equal(updateData_json_1.fullBodyData.dob_month);\n    expect(res.body.userDetail.dob_year).to.be.equal(updateData_json_1.fullBodyData.dob_year);\n    expect(res.body.userDetail.height).to.be.equal(updateData_json_1.fullBodyData.height);\n    expect(res.body.userDetail.nationality).to.be.equal(updateData_json_1.fullBodyData.nationality);\n    expect(res.body.userDetail.occupation).to.be.equal(updateData_json_1.fullBodyData.occupation);\n    expect(res.body.userDetail.hobbies).to.have.members(updateData_json_1.fullBodyData.hobbies);\n    expect(res.body.userDetail.languages).to.have.members(updateData_json_1.fullBodyData.languages);\n    if (err) {\n        throw err;\n    }\n    done();\n});",
              "err": {},
              "uuid": "a5deded5-e126-4a34-be54-bbdb9261cc3b",
              "parentUUID": "e7271597-2eab-42cb-a884-52fb83d6ddef",
              "isHook": true,
              "skipped": false
            }
          ],
          "afterHooks": [
            {
              "title": "\"after all\" hook in \"Reveal.me Conversation API Tests\"",
              "fullTitle": "Reveal.me Conversation API Tests \"after all\" hook in \"Reveal.me Conversation API Tests\"",
              "timedOut": false,
              "duration": 60,
              "state": null,
              "speed": null,
              "pass": false,
              "fail": false,
              "pending": false,
              "context": null,
              "code": "(0, supertest_1.default)(baseurl)\n    .delete(\"/user/\" + userId)\n    .set(({ \"Authorization\": `Bearer ${token}` }))\n    .end(function (err, res) {\n    expect(res.statusCode).to.be.equal(201);\n    if (err) {\n        throw err;\n    }\n    done();\n});",
              "err": {},
              "uuid": "5493f0bd-fbf6-4489-9b9e-01f55f125dca",
              "parentUUID": "e7271597-2eab-42cb-a884-52fb83d6ddef",
              "isHook": true,
              "skipped": false
            },
            {
              "title": "\"after all\" hook in \"Reveal.me Conversation API Tests\"",
              "fullTitle": "Reveal.me Conversation API Tests \"after all\" hook in \"Reveal.me Conversation API Tests\"",
              "timedOut": false,
              "duration": 52,
              "state": null,
              "speed": null,
              "pass": false,
              "fail": false,
              "pending": false,
              "context": null,
              "code": "(0, supertest_1.default)(baseurl)\n    .delete(\"/user/\" + anotherUserId)\n    .set(({ \"Authorization\": `Bearer ${token}` }))\n    .end(function (err, res) {\n    expect(res.statusCode).to.be.equal(201);\n    if (err) {\n        throw err;\n    }\n    done();\n});",
              "err": {},
              "uuid": "729e6b32-c0a4-47e7-854e-08086d035a66",
              "parentUUID": "e7271597-2eab-42cb-a884-52fb83d6ddef",
              "isHook": true,
              "skipped": false
            },
            {
              "title": "\"after all\" hook in \"Reveal.me Conversation API Tests\"",
              "fullTitle": "Reveal.me Conversation API Tests \"after all\" hook in \"Reveal.me Conversation API Tests\"",
              "timedOut": false,
              "duration": 165,
              "state": null,
              "speed": null,
              "pass": false,
              "fail": false,
              "pending": false,
              "context": null,
              "code": "(0, supertest_1.default)(baseurl)\n    .delete(`/conversation/remove/${conversationId}`)\n    .set(({ \"Authorization\": `Bearer ${token}` }))\n    .end(function (err, res) {\n    expect(res.statusCode).to.be.equal(200);\n    if (err) {\n        throw err;\n    }\n    done();\n});",
              "err": {},
              "uuid": "7b4f90f6-c918-48ea-9f94-462e27ef69b2",
              "parentUUID": "e7271597-2eab-42cb-a884-52fb83d6ddef",
              "isHook": true,
              "skipped": false
            }
          ],
          "tests": [
            {
              "title": "should successfully create a conversation when both swipe right",
              "fullTitle": "Reveal.me Conversation API Tests should successfully create a conversation when both swipe right",
              "timedOut": false,
              "duration": 71,
              "state": "passed",
              "speed": "medium",
              "pass": true,
              "fail": false,
              "pending": false,
              "context": null,
              "code": "(0, supertest_1.default)(baseurl)\n    .post(`/conversation/message/${userId}/${anotherUserId}`)\n    .set(\"Authorization\", \"Bearer \" + token)\n    .end(function (err, res) {\n    expect(res.statusCode).to.be.equal(201);\n    expect(res.body.members).to.have.members([userId, anotherUserId]);\n    conversationId = res.body._id;\n    if (err) {\n        throw err;\n    }\n    done();\n});",
              "err": {},
              "uuid": "c8b94402-0bf7-4822-ba7d-55aeadd4144f",
              "parentUUID": "e7271597-2eab-42cb-a884-52fb83d6ddef",
              "isHook": false,
              "skipped": false
            },
            {
              "title": "should successfully get the picture",
              "fullTitle": "Reveal.me Conversation API Tests should successfully get the picture",
              "timedOut": false,
              "duration": 489,
              "state": "passed",
              "speed": "slow",
              "pass": true,
              "fail": false,
              "pending": false,
              "context": null,
              "code": "(0, supertest_1.default)(baseurl)\n    .get(`/conversation/user/picture/${conversationId}/${userId}`)\n    .set(\"Authorization\", \"Bearer \" + token)\n    .end(function (err, res) {\n    expect(res.statusCode).to.be.equal(200);\n    if (err) {\n        throw err;\n    }\n    done();\n});",
              "err": {},
              "uuid": "9d3b7f3e-cd6c-44e8-b5ab-1de6a6032ac1",
              "parentUUID": "e7271597-2eab-42cb-a884-52fb83d6ddef",
              "isHook": false,
              "skipped": false
            },
            {
              "title": "should successfully getting all conversation",
              "fullTitle": "Reveal.me Conversation API Tests should successfully getting all conversation",
              "timedOut": false,
              "duration": 68,
              "state": "passed",
              "speed": "medium",
              "pass": true,
              "fail": false,
              "pending": false,
              "context": null,
              "code": "(0, supertest_1.default)(baseurl)\n    .get(`/allconversation`)\n    .set(\"Authorization\", \"Bearer \" + token)\n    .end(function (err, res) {\n    expect(res.statusCode).to.be.equal(200);\n    if (err) {\n        throw err;\n    }\n    done();\n});",
              "err": {},
              "uuid": "51d01040-c6c8-4406-9c0e-b83a39130e1c",
              "parentUUID": "e7271597-2eab-42cb-a884-52fb83d6ddef",
              "isHook": false,
              "skipped": false
            },
            {
              "title": "should successfully getting all conversation from one user",
              "fullTitle": "Reveal.me Conversation API Tests should successfully getting all conversation from one user",
              "timedOut": false,
              "duration": 51,
              "state": "passed",
              "speed": "medium",
              "pass": true,
              "fail": false,
              "pending": false,
              "context": null,
              "code": "(0, supertest_1.default)(baseurl)\n    .get(`/allconversation/${userId}`)\n    .set(\"Authorization\", \"Bearer \" + token)\n    .end(function (err, res) {\n    expect(res.statusCode).to.be.equal(200);\n    if (err) {\n        throw err;\n    }\n    done();\n});",
              "err": {},
              "uuid": "9b32773a-e955-4f5a-a20a-e95e69a932dc",
              "parentUUID": "e7271597-2eab-42cb-a884-52fb83d6ddef",
              "isHook": false,
              "skipped": false
            },
            {
              "title": "should successfully create a message",
              "fullTitle": "Reveal.me Conversation API Tests should successfully create a message",
              "timedOut": false,
              "duration": 63,
              "state": "passed",
              "speed": "medium",
              "pass": true,
              "fail": false,
              "pending": false,
              "context": null,
              "code": "let message = { userId: userId, message: \"testing\" };\n(0, supertest_1.default)(baseurl)\n    .post(`/message/${conversationId}`)\n    .send(message)\n    .set(\"Authorization\", \"Bearer \" + token)\n    .set('Accept', 'application/json')\n    .set('Content-Type', 'application/json')\n    .end(function (err, res) {\n    expect(res.statusCode).to.be.equal(201);\n    expect(res.body.sender).to.be.equal(userId);\n    expect(res.body.message).to.be.equal(message.message);\n    if (err) {\n        throw err;\n    }\n    done();\n});",
              "err": {},
              "uuid": "c4a926ca-a76e-4f3d-9031-139a54c144ea",
              "parentUUID": "e7271597-2eab-42cb-a884-52fb83d6ddef",
              "isHook": false,
              "skipped": false
            },
            {
              "title": "should successfully getting the total of all messages from a conversation",
              "fullTitle": "Reveal.me Conversation API Tests should successfully getting the total of all messages from a conversation",
              "timedOut": false,
              "duration": 143,
              "state": "passed",
              "speed": "slow",
              "pass": true,
              "fail": false,
              "pending": false,
              "context": null,
              "code": "(0, supertest_1.default)(baseurl)\n    .get(`/message/total/${conversationId}`)\n    .set(\"Authorization\", \"Bearer \" + token)\n    .end(function (err, res) {\n    expect(res.statusCode).to.be.equal(200);\n    expect(res.body).to.have.members([1, 0]);\n    if (err) {\n        throw err;\n    }\n    done();\n});",
              "err": {},
              "uuid": "c9fe7be7-c476-4406-8c60-10efa3a4bd56",
              "parentUUID": "e7271597-2eab-42cb-a884-52fb83d6ddef",
              "isHook": false,
              "skipped": false
            },
            {
              "title": "should successfully getting all messages from a conversation",
              "fullTitle": "Reveal.me Conversation API Tests should successfully getting all messages from a conversation",
              "timedOut": false,
              "duration": 45,
              "state": "passed",
              "speed": "medium",
              "pass": true,
              "fail": false,
              "pending": false,
              "context": null,
              "code": "(0, supertest_1.default)(baseurl)\n    .get(`/message/all/${conversationId}`)\n    .set(\"Authorization\", \"Bearer \" + token)\n    .end(function (err, res) {\n    expect(res.statusCode).to.be.equal(200);\n    if (err) {\n        throw err;\n    }\n    done();\n});",
              "err": {},
              "uuid": "38041819-a801-4901-945a-7f09683b32c6",
              "parentUUID": "e7271597-2eab-42cb-a884-52fb83d6ddef",
              "isHook": false,
              "skipped": false
            }
          ],
          "suites": [],
          "passes": [
            "c8b94402-0bf7-4822-ba7d-55aeadd4144f",
            "9d3b7f3e-cd6c-44e8-b5ab-1de6a6032ac1",
            "51d01040-c6c8-4406-9c0e-b83a39130e1c",
            "9b32773a-e955-4f5a-a20a-e95e69a932dc",
            "c4a926ca-a76e-4f3d-9031-139a54c144ea",
            "c9fe7be7-c476-4406-8c60-10efa3a4bd56",
            "38041819-a801-4901-945a-7f09683b32c6"
          ],
          "failures": [],
          "pending": [],
          "skipped": [],
          "duration": 930,
          "root": false,
          "rootEmpty": false,
          "_timeout": 10000
        },
        {
          "uuid": "24f3f797-502e-46a3-8002-d9f676d0b523",
          "title": "Reveal.me user API Tests",
          "fullFile": "C:\\Users\\Ami Rahmi\\OneDrive\\Documents\\HDA\\5.Semester\\FWE\\project\\reveal.me\\Backend\\reveal.me\\test\\userTest.spec.ts",
          "file": "\\test\\userTest.spec.ts",
          "beforeHooks": [],
          "afterHooks": [
            {
              "title": "\"after all\" hook in \"Reveal.me user API Tests\"",
              "fullTitle": "Reveal.me user API Tests \"after all\" hook in \"Reveal.me user API Tests\"",
              "timedOut": false,
              "duration": 68,
              "state": null,
              "speed": null,
              "pass": false,
              "fail": false,
              "pending": false,
              "context": null,
              "code": "(0, supertest_1.default)(baseurl)\n    .delete(\"/user/\" + userId)\n    .set(({ \"Authorization\": `Bearer ${token}` }))\n    .end(function (err, res) {\n    expect(res.statusCode).to.be.equal(201);\n    if (err) {\n        throw err;\n    }\n    done();\n});",
              "err": {},
              "uuid": "35e75f03-bcdd-477b-892c-b0416f1ff715",
              "parentUUID": "24f3f797-502e-46a3-8002-d9f676d0b523",
              "isHook": true,
              "skipped": false
            },
            {
              "title": "\"after all\" hook in \"Reveal.me user API Tests\"",
              "fullTitle": "Reveal.me user API Tests \"after all\" hook in \"Reveal.me user API Tests\"",
              "timedOut": false,
              "duration": 55,
              "state": null,
              "speed": null,
              "pass": false,
              "fail": false,
              "pending": false,
              "context": null,
              "code": "(0, supertest_1.default)(baseurl)\n    .delete(\"/user/\" + anotherUserId)\n    .set(({ \"Authorization\": `Bearer ${token}` }))\n    .end(function (err, res) {\n    expect(res.statusCode).to.be.equal(201);\n    if (err) {\n        throw err;\n    }\n    done();\n});",
              "err": {},
              "uuid": "6424a0f9-de17-49c5-a8c2-c40845081383",
              "parentUUID": "24f3f797-502e-46a3-8002-d9f676d0b523",
              "isHook": true,
              "skipped": false
            }
          ],
          "tests": [
            {
              "title": "should successfully create a user",
              "fullTitle": "Reveal.me user API Tests should successfully create a user",
              "timedOut": false,
              "duration": 230,
              "state": "passed",
              "speed": "slow",
              "pass": true,
              "fail": false,
              "pending": false,
              "context": null,
              "code": "(0, supertest_1.default)(baseurl)\n    .post('/auth/register')\n    .send(register_json_1.successfulRegister)\n    .set('Accept', 'application/json')\n    .set('Content-Type', 'application/json')\n    .end(function (err, res) {\n    expect(res.statusCode).to.be.equal(201);\n    expect(res.body.userId).not.to.be.null;\n    userId = res.body.userId;\n    if (err) {\n        throw err;\n    }\n    done();\n});",
              "err": {},
              "uuid": "be15a06d-4e8e-426d-bc83-26fae3ad3d85",
              "parentUUID": "24f3f797-502e-46a3-8002-d9f676d0b523",
              "isHook": false,
              "skipped": false
            },
            {
              "title": "should fail creating the same user twice",
              "fullTitle": "Reveal.me user API Tests should fail creating the same user twice",
              "timedOut": false,
              "duration": 182,
              "state": "passed",
              "speed": "slow",
              "pass": true,
              "fail": false,
              "pending": false,
              "context": null,
              "code": "(0, supertest_1.default)(baseurl)\n    .post('/auth/register')\n    .send(register_json_1.successfulRegister)\n    .set('Accept', 'application/json')\n    .set('Content-Type', 'application/json')\n    .end(function (err, res) {\n    expect(res.statusCode).to.be.equal(405);\n    if (err) {\n        throw err;\n    }\n    done();\n});",
              "err": {},
              "uuid": "b096ddee-187a-42e0-99f6-33dd0b87126f",
              "parentUUID": "24f3f797-502e-46a3-8002-d9f676d0b523",
              "isHook": false,
              "skipped": false
            },
            {
              "title": "should fail because password is too short",
              "fullTitle": "Reveal.me user API Tests should fail because password is too short",
              "timedOut": false,
              "duration": 4,
              "state": "passed",
              "speed": "fast",
              "pass": true,
              "fail": false,
              "pending": false,
              "context": null,
              "code": "(0, supertest_1.default)(baseurl)\n    .post('/auth/register')\n    .send(register_json_1.failRegister)\n    .set('Accept', 'application/json')\n    .set('Content-Type', 'application/json')\n    .end(function (err, res) {\n    expect(res.statusCode).to.be.equal(409);\n    if (err) {\n        throw err;\n    }\n    done();\n});",
              "err": {},
              "uuid": "48c6a02d-0284-49fd-937c-296ef9de4761",
              "parentUUID": "24f3f797-502e-46a3-8002-d9f676d0b523",
              "isHook": false,
              "skipped": false
            },
            {
              "title": "should successfully logging in",
              "fullTitle": "Reveal.me user API Tests should successfully logging in",
              "timedOut": false,
              "duration": 227,
              "state": "passed",
              "speed": "slow",
              "pass": true,
              "fail": false,
              "pending": false,
              "context": null,
              "code": "(0, supertest_1.default)(baseurl)\n    .post('/auth/login')\n    .send(login_json_1.correctCredential)\n    .set('Accept', 'application/json')\n    .set('Content-Type', 'application/json')\n    .end(function (err, res) {\n    expect(res.statusCode).to.be.equal(201);\n    expect(res.body.token).not.to.be.null;\n    token = res.body.token;\n    if (err) {\n        throw err;\n    }\n    done();\n});",
              "err": {},
              "uuid": "dbbf1b9a-3155-4913-b1a9-98c27c3c7bc1",
              "parentUUID": "24f3f797-502e-46a3-8002-d9f676d0b523",
              "isHook": false,
              "skipped": false
            },
            {
              "title": "should fail logging in false credential",
              "fullTitle": "Reveal.me user API Tests should fail logging in false credential",
              "timedOut": false,
              "duration": 158,
              "state": "passed",
              "speed": "slow",
              "pass": true,
              "fail": false,
              "pending": false,
              "context": null,
              "code": "(0, supertest_1.default)(baseurl)\n    .post('/auth/login')\n    .send(login_json_1.falseCredential)\n    .set('Accept', 'application/json')\n    .set('Content-Type', 'application/json')\n    .end(function (err, res) {\n    expect(res.statusCode).to.be.equal(400);\n    if (err) {\n        throw err;\n    }\n    done();\n});",
              "err": {},
              "uuid": "e0e69e40-f87b-416b-8e70-5007dc5941dc",
              "parentUUID": "24f3f797-502e-46a3-8002-d9f676d0b523",
              "isHook": false,
              "skipped": false
            },
            {
              "title": "should successfully reset password",
              "fullTitle": "Reveal.me user API Tests should successfully reset password",
              "timedOut": false,
              "duration": 165,
              "state": "passed",
              "speed": "slow",
              "pass": true,
              "fail": false,
              "pending": false,
              "context": null,
              "code": "(0, supertest_1.default)(baseurl)\n    .post('/auth/login/forgetpassword')\n    .send(forgetPassword_json_1.correctConfirmPassword)\n    .set('Accept', 'application/json')\n    .set('Content-Type', 'application/json')\n    .end(function (err, res) {\n    expect(res.statusCode).to.be.equal(201);\n    if (err) {\n        throw err;\n    }\n    done();\n});",
              "err": {},
              "uuid": "5f0bded8-6da6-4ca9-be50-5217ecf43119",
              "parentUUID": "24f3f797-502e-46a3-8002-d9f676d0b523",
              "isHook": false,
              "skipped": false
            },
            {
              "title": "should fail reset password because confirm password does not match",
              "fullTitle": "Reveal.me user API Tests should fail reset password because confirm password does not match",
              "timedOut": false,
              "duration": 117,
              "state": "passed",
              "speed": "slow",
              "pass": true,
              "fail": false,
              "pending": false,
              "context": null,
              "code": "(0, supertest_1.default)(baseurl)\n    .post('/auth/login/forgetpassword')\n    .send(forgetPassword_json_1.falseConfirmPassword)\n    .set('Accept', 'application/json')\n    .set('Content-Type', 'application/json')\n    .end(function (err, res) {\n    expect(res.statusCode).to.be.equal(400);\n    if (err) {\n        throw err;\n    }\n    done();\n});",
              "err": {},
              "uuid": "faf2b38e-d112-4504-a439-cb399274c649",
              "parentUUID": "24f3f797-502e-46a3-8002-d9f676d0b523",
              "isHook": false,
              "skipped": false
            },
            {
              "title": "should fail reset password because new password is too short",
              "fullTitle": "Reveal.me user API Tests should fail reset password because new password is too short",
              "timedOut": false,
              "duration": 89,
              "state": "passed",
              "speed": "slow",
              "pass": true,
              "fail": false,
              "pending": false,
              "context": null,
              "code": "(0, supertest_1.default)(baseurl)\n    .post('/auth/login/forgetpassword')\n    .send(forgetPassword_json_1.passwordTooShort)\n    .set('Accept', 'application/json')\n    .set('Content-Type', 'application/json')\n    .end(function (err, res) {\n    expect(res.statusCode).to.be.equal(409);\n    if (err) {\n        throw err;\n    }\n    done();\n});",
              "err": {},
              "uuid": "1d24c6e7-949d-4a1a-a535-f25465a32eb3",
              "parentUUID": "24f3f797-502e-46a3-8002-d9f676d0b523",
              "isHook": false,
              "skipped": false
            },
            {
              "title": "should successfully update user",
              "fullTitle": "Reveal.me user API Tests should successfully update user",
              "timedOut": false,
              "duration": 111,
              "state": "passed",
              "speed": "slow",
              "pass": true,
              "fail": false,
              "pending": false,
              "context": null,
              "code": "(0, supertest_1.default)(baseurl)\n    .put('/user/profile/head/' + email)\n    .send(updateData_json_1.fullHeaderData)\n    .set('Accept', 'application/json')\n    .set('Content-Type', 'application/json')\n    .set(\"Authorization\", \"Bearer \" + token)\n    .end(function (err, res) {\n    expect(res.statusCode).to.be.equal(200);\n    expect(res.body.first_name).to.be.equal(updateData_json_1.fullHeaderData.first_name);\n    expect(res.body.last_name).to.be.equal(updateData_json_1.fullHeaderData.last_name);\n    if (err) {\n        throw err;\n    }\n    done();\n});",
              "err": {},
              "uuid": "7fb091e8-af98-4f2a-84b5-8b1e35b3810f",
              "parentUUID": "24f3f797-502e-46a3-8002-d9f676d0b523",
              "isHook": false,
              "skipped": false
            },
            {
              "title": "should successfully update user details",
              "fullTitle": "Reveal.me user API Tests should successfully update user details",
              "timedOut": false,
              "duration": 121,
              "state": "passed",
              "speed": "slow",
              "pass": true,
              "fail": false,
              "pending": false,
              "context": null,
              "code": "(0, supertest_1.default)(baseurl)\n    .put('/user/profile/body/' + email)\n    .send(updateData_json_1.fullBodyData)\n    .set('Accept', 'application/json')\n    .set('Content-Type', 'application/json')\n    .set(\"Authorization\", \"Bearer \" + token)\n    .end(function (err, res) {\n    expect(res.statusCode).to.be.equal(200);\n    expect(res.body.userDetail.gender).to.be.equal(updateData_json_1.fullBodyData.gender);\n    expect(res.body.userDetail.gender_interest).to.have.members(updateData_json_1.fullBodyData.gender_interest);\n    expect(res.body.userDetail.age).to.be.equal(updateData_json_1.fullBodyData.age);\n    expect(res.body.userDetail.profile_picture).to.be.equal(updateData_json_1.fullBodyData.profile_picture);\n    expect(res.body.userDetail.dob_date).to.be.equal(updateData_json_1.fullBodyData.dob_date);\n    expect(res.body.userDetail.dob_month).to.be.equal(updateData_json_1.fullBodyData.dob_month);\n    expect(res.body.userDetail.dob_year).to.be.equal(updateData_json_1.fullBodyData.dob_year);\n    expect(res.body.userDetail.height).to.be.equal(updateData_json_1.fullBodyData.height);\n    expect(res.body.userDetail.nationality).to.be.equal(updateData_json_1.fullBodyData.nationality);\n    expect(res.body.userDetail.occupation).to.be.equal(updateData_json_1.fullBodyData.occupation);\n    expect(res.body.userDetail.hobbies).to.have.members(updateData_json_1.fullBodyData.hobbies);\n    expect(res.body.userDetail.languages).to.have.members(updateData_json_1.fullBodyData.languages);\n    if (err) {\n        throw err;\n    }\n    done();\n});",
              "err": {},
              "uuid": "d7f15986-8d5a-4616-94cf-7016d099e427",
              "parentUUID": "24f3f797-502e-46a3-8002-d9f676d0b523",
              "isHook": false,
              "skipped": false
            },
            {
              "title": "should successfully create another user",
              "fullTitle": "Reveal.me user API Tests should successfully create another user",
              "timedOut": false,
              "duration": 268,
              "state": "passed",
              "speed": "slow",
              "pass": true,
              "fail": false,
              "pending": false,
              "context": null,
              "code": "(0, supertest_1.default)(baseurl)\n    .post('/auth/register')\n    .send(register_json_1.anotherUser)\n    .set('Accept', 'application/json')\n    .set('Content-Type', 'application/json')\n    .end(function (err, res) {\n    expect(res.statusCode).to.be.equal(201);\n    expect(res.body.userId).not.to.be.null;\n    anotherUserId = res.body.userId;\n    if (err) {\n        throw err;\n    }\n    done();\n});",
              "err": {},
              "uuid": "eb940c4a-36e5-45aa-a342-063b21059d0b",
              "parentUUID": "24f3f797-502e-46a3-8002-d9f676d0b523",
              "isHook": false,
              "skipped": false
            },
            {
              "title": "should successfully update oneMatchUser",
              "fullTitle": "Reveal.me user API Tests should successfully update oneMatchUser",
              "timedOut": false,
              "duration": 165,
              "state": "passed",
              "speed": "slow",
              "pass": true,
              "fail": false,
              "pending": false,
              "context": null,
              "code": "(0, supertest_1.default)(baseurl)\n    .put(`/user/profile/id/${userId}/${anotherUserId}`)\n    .set(\"Authorization\", \"Bearer \" + token)\n    .end(function (err, res) {\n    expect(res.statusCode).to.be.equal(200);\n    expect(res.body.oneSideMatch).to.have.members([userId]);\n    if (err) {\n        throw err;\n    }\n    done();\n});",
              "err": {},
              "uuid": "ac8a9761-df68-46cf-a21c-75cfc8621baa",
              "parentUUID": "24f3f797-502e-46a3-8002-d9f676d0b523",
              "isHook": false,
              "skipped": false
            },
            {
              "title": "should successfully remove UserId from oneMatchUser",
              "fullTitle": "Reveal.me user API Tests should successfully remove UserId from oneMatchUser",
              "timedOut": false,
              "duration": 155,
              "state": "passed",
              "speed": "slow",
              "pass": true,
              "fail": false,
              "pending": false,
              "context": null,
              "code": "(0, supertest_1.default)(baseurl)\n    .put(`/user/profile/remove/id/${userId}/${anotherUserId}`)\n    .set(\"Authorization\", \"Bearer \" + token)\n    .end(function (err, res) {\n    expect(res.statusCode).to.be.equal(200);\n    expect(res.body.oneSideMatch).to.have.members([]);\n    if (err) {\n        throw err;\n    }\n    done();\n});",
              "err": {},
              "uuid": "8f00abd4-fc09-4051-bc66-859ac5f13e41",
              "parentUUID": "24f3f797-502e-46a3-8002-d9f676d0b523",
              "isHook": false,
              "skipped": false
            },
            {
              "title": "should successfully input anotherUserId in swipedLeftUser from UserId",
              "fullTitle": "Reveal.me user API Tests should successfully input anotherUserId in swipedLeftUser from UserId",
              "timedOut": false,
              "duration": 147,
              "state": "passed",
              "speed": "slow",
              "pass": true,
              "fail": false,
              "pending": false,
              "context": null,
              "code": "(0, supertest_1.default)(baseurl)\n    .put(`/user/profile/swipedleft/id/${userId}/${anotherUserId}`)\n    .set(\"Authorization\", \"Bearer \" + token)\n    .end(function (err, res) {\n    expect(res.statusCode).to.be.equal(200);\n    expect(res.body.swipedLeftUsers).to.have.members([anotherUserId]);\n    if (err) {\n        throw err;\n    }\n    done();\n});",
              "err": {},
              "uuid": "09732461-b711-4c47-82cf-607f58c72174",
              "parentUUID": "24f3f797-502e-46a3-8002-d9f676d0b523",
              "isHook": false,
              "skipped": false
            },
            {
              "title": "should successfully remove anotherUserId in swipedLeftUser from UserId",
              "fullTitle": "Reveal.me user API Tests should successfully remove anotherUserId in swipedLeftUser from UserId",
              "timedOut": false,
              "duration": 118,
              "state": "passed",
              "speed": "slow",
              "pass": true,
              "fail": false,
              "pending": false,
              "context": null,
              "code": "(0, supertest_1.default)(baseurl)\n    .put(`/user/profile/swipedleft/remove/id/${userId}`)\n    .set(\"Authorization\", \"Bearer \" + token)\n    .end(function (err, res) {\n    expect(res.statusCode).to.be.equal(200);\n    expect(res.body).to.be.equal(anotherUserId);\n    if (err) {\n        throw err;\n    }\n    done();\n});",
              "err": {},
              "uuid": "9b8d280e-76cb-4391-91d5-59a4709ae4a8",
              "parentUUID": "24f3f797-502e-46a3-8002-d9f676d0b523",
              "isHook": false,
              "skipped": false
            },
            {
              "title": "should successfully getting all user",
              "fullTitle": "Reveal.me user API Tests should successfully getting all user",
              "timedOut": false,
              "duration": 894,
              "state": "passed",
              "speed": "slow",
              "pass": true,
              "fail": false,
              "pending": false,
              "context": null,
              "code": "(0, supertest_1.default)(baseurl)\n    .get(`/alluser`)\n    .set(\"Authorization\", \"Bearer \" + token)\n    .end(function (err, res) {\n    expect(res.statusCode).to.be.equal(200);\n    if (err) {\n        throw err;\n    }\n    done();\n});",
              "err": {},
              "uuid": "cf548626-cb8d-4da2-965b-8e9e307cbb3d",
              "parentUUID": "24f3f797-502e-46a3-8002-d9f676d0b523",
              "isHook": false,
              "skipped": false
            },
            {
              "title": "should successfully getting a user",
              "fullTitle": "Reveal.me user API Tests should successfully getting a user",
              "timedOut": false,
              "duration": 46,
              "state": "passed",
              "speed": "medium",
              "pass": true,
              "fail": false,
              "pending": false,
              "context": null,
              "code": "(0, supertest_1.default)(baseurl)\n    .get(`/singleuser/id/${userId}`)\n    .send(updateData_json_1.fullHeaderData)\n    .send(updateData_json_1.fullBodyData)\n    .set(\"Authorization\", \"Bearer \" + token)\n    .end(function (err, res) {\n    expect(res.statusCode).to.be.equal(200);\n    expect(res.body.first_name).to.be.equal(updateData_json_1.fullHeaderData.first_name);\n    expect(res.body.last_name).to.be.equal(updateData_json_1.fullHeaderData.last_name);\n    expect(res.body.userDetail.gender).to.be.equal(updateData_json_1.fullBodyData.gender);\n    expect(res.body.userDetail.gender_interest).to.have.members(updateData_json_1.fullBodyData.gender_interest);\n    expect(res.body.userDetail.age).to.be.equal(updateData_json_1.fullBodyData.age);\n    expect(res.body.userDetail.profile_picture).to.be.equal(updateData_json_1.fullBodyData.profile_picture);\n    expect(res.body.userDetail.dob_date).to.be.equal(updateData_json_1.fullBodyData.dob_date);\n    expect(res.body.userDetail.dob_month).to.be.equal(updateData_json_1.fullBodyData.dob_month);\n    expect(res.body.userDetail.dob_year).to.be.equal(updateData_json_1.fullBodyData.dob_year);\n    expect(res.body.userDetail.height).to.be.equal(updateData_json_1.fullBodyData.height);\n    expect(res.body.userDetail.nationality).to.be.equal(updateData_json_1.fullBodyData.nationality);\n    expect(res.body.userDetail.occupation).to.be.equal(updateData_json_1.fullBodyData.occupation);\n    expect(res.body.userDetail.hobbies).to.have.members(updateData_json_1.fullBodyData.hobbies);\n    expect(res.body.userDetail.languages).to.have.members(updateData_json_1.fullBodyData.languages);\n    if (err) {\n        throw err;\n    }\n    done();\n});",
              "err": {},
              "uuid": "46f512df-3474-43c4-9021-207996a7ab65",
              "parentUUID": "24f3f797-502e-46a3-8002-d9f676d0b523",
              "isHook": false,
              "skipped": false
            },
            {
              "title": "should successfully getting filteredUsers",
              "fullTitle": "Reveal.me user API Tests should successfully getting filteredUsers",
              "timedOut": false,
              "duration": 927,
              "state": "passed",
              "speed": "slow",
              "pass": true,
              "fail": false,
              "pending": false,
              "context": null,
              "code": "(0, supertest_1.default)(baseurl)\n    .get(`/filtereduser/id/${userId}`)\n    .set(\"Authorization\", \"Bearer \" + token)\n    .end(function (err, res) {\n    expect(res.statusCode).to.be.equal(200);\n    if (err) {\n        throw err;\n    }\n    done();\n});",
              "err": {},
              "uuid": "e04ca201-b45c-473e-95bf-87cebf23fff0",
              "parentUUID": "24f3f797-502e-46a3-8002-d9f676d0b523",
              "isHook": false,
              "skipped": false
            },
            {
              "title": "should successfully getting genderedUser",
              "fullTitle": "Reveal.me user API Tests should successfully getting genderedUser",
              "timedOut": false,
              "duration": 1031,
              "state": "passed",
              "speed": "slow",
              "pass": true,
              "fail": false,
              "pending": false,
              "context": null,
              "code": "(0, supertest_1.default)(baseurl)\n    .get(`/gendereduser/id/${userId}`)\n    .set(\"Authorization\", \"Bearer \" + token)\n    .end(function (err, res) {\n    expect(res.statusCode).to.be.equal(200);\n    if (err) {\n        throw err;\n    }\n    done();\n});",
              "err": {},
              "uuid": "20990b85-05c0-4099-96de-ad6245a8725e",
              "parentUUID": "24f3f797-502e-46a3-8002-d9f676d0b523",
              "isHook": false,
              "skipped": false
            }
          ],
          "suites": [],
          "passes": [
            "be15a06d-4e8e-426d-bc83-26fae3ad3d85",
            "b096ddee-187a-42e0-99f6-33dd0b87126f",
            "48c6a02d-0284-49fd-937c-296ef9de4761",
            "dbbf1b9a-3155-4913-b1a9-98c27c3c7bc1",
            "e0e69e40-f87b-416b-8e70-5007dc5941dc",
            "5f0bded8-6da6-4ca9-be50-5217ecf43119",
            "faf2b38e-d112-4504-a439-cb399274c649",
            "1d24c6e7-949d-4a1a-a535-f25465a32eb3",
            "7fb091e8-af98-4f2a-84b5-8b1e35b3810f",
            "d7f15986-8d5a-4616-94cf-7016d099e427",
            "eb940c4a-36e5-45aa-a342-063b21059d0b",
            "ac8a9761-df68-46cf-a21c-75cfc8621baa",
            "8f00abd4-fc09-4051-bc66-859ac5f13e41",
            "09732461-b711-4c47-82cf-607f58c72174",
            "9b8d280e-76cb-4391-91d5-59a4709ae4a8",
            "cf548626-cb8d-4da2-965b-8e9e307cbb3d",
            "46f512df-3474-43c4-9021-207996a7ab65",
            "e04ca201-b45c-473e-95bf-87cebf23fff0",
            "20990b85-05c0-4099-96de-ad6245a8725e"
          ],
          "failures": [],
          "pending": [],
          "skipped": [],
          "duration": 5155,
          "root": false,
          "rootEmpty": false,
          "_timeout": 10000
        }
      ],
      "passes": [],
      "failures": [],
      "pending": [],
      "skipped": [],
      "duration": 0,
      "root": true,
      "rootEmpty": true,
      "_timeout": 10000
    }
  ],
  "meta": {
    "mocha": {
      "version": "10.0.0"
    },
    "mochawesome": {
      "options": {
        "quiet": false,
        "reportFilename": "mochawesome",
        "saveHtml": true,
        "saveJson": true,
        "consoleReporter": "spec",
        "useInlineDiffs": false,
        "code": true
      },
      "version": "7.1.3"
    },
    "marge": {
      "options": {
        "reportDir": "test-results"
      },
      "version": "6.2.0"
    }
  }
}